TN:
SF:app\+not-found.tsx
FN:5,NotFoundScreen
FNF:1
FNH:0
FNDA:0,NotFoundScreen
DA:6,0
DA:19,0
LF:2
LH:0
BRF:0
BRH:0
end_of_record
TN:
SF:app\_layout.tsx
FN:24,DynamicStatusBar
FN:36,RootLayoutNav
FN:71,RootLayout
FN:72,(anonymous_3)
FN:75,(anonymous_4)
FN:78,(anonymous_5)
FNF:6
FNH:0
FNDA:0,DynamicStatusBar
FNDA:0,RootLayoutNav
FNDA:0,RootLayout
FNDA:0,(anonymous_3)
FNDA:0,(anonymous_4)
FNDA:0,(anonymous_5)
DA:20,0
DA:22,0
DA:25,0
DA:26,0
DA:27,0
DA:37,0
DA:72,0
DA:73,0
DA:74,0
DA:75,0
DA:76,0
DA:77,0
DA:78,0
DA:79,0
DA:82,0
DA:85,0
DA:89,0
LF:17
LH:0
BRDA:26,0,0,0
BRDA:26,0,1,0
BRDA:29,1,0,0
BRDA:29,1,1,0
BRDA:74,2,0,0
BRDA:74,2,1,0
BRF:6
BRH:0
end_of_record
TN:
SF:app\admin-portal.tsx
FN:22,AdminPortalScreen
FN:26,(anonymous_1)
FN:42,(anonymous_2)
FN:89,(anonymous_3)
FN:120,(anonymous_4)
FN:130,(anonymous_5)
FN:140,(anonymous_6)
FNF:7
FNH:0
FNDA:0,AdminPortalScreen
FNDA:0,(anonymous_1)
FNDA:0,(anonymous_2)
FNDA:0,(anonymous_3)
FNDA:0,(anonymous_4)
FNDA:0,(anonymous_5)
FNDA:0,(anonymous_6)
DA:16,0
DA:23,0
DA:24,0
DA:26,0
DA:27,0
DA:28,0
DA:29,0
DA:32,0
DA:42,0
DA:90,0
DA:120,0
DA:130,0
DA:140,0
DA:152,0
LF:14
LH:0
BRDA:27,0,0,0
BRDA:27,0,1,0
BRDA:28,1,0,0
BRDA:28,1,1,0
BRDA:101,2,0,0
BRDA:101,2,1,0
BRF:6
BRH:0
end_of_record
TN:
SF:app\ai-chat.tsx
FN:311,AIChatScreen
FN:328,(anonymous_1)
FN:329,(anonymous_2)
FN:368,(anonymous_3)
FN:373,(anonymous_4)
FN:375,(anonymous_5)
FN:378,(anonymous_6)
FN:383,(anonymous_7)
FN:387,(anonymous_8)
FN:391,(anonymous_9)
FN:399,(anonymous_10)
FN:409,(anonymous_11)
FN:420,(anonymous_12)
FN:427,(anonymous_13)
FN:430,(anonymous_14)
FN:431,(anonymous_15)
FN:438,(anonymous_16)
FN:447,(anonymous_17)
FN:454,(anonymous_18)
FN:459,(anonymous_19)
FN:466,(anonymous_20)
FN:475,(anonymous_21)
FN:486,(anonymous_22)
FN:493,(anonymous_23)
FN:503,(anonymous_24)
FN:510,(anonymous_25)
FN:515,(anonymous_26)
FN:537,(anonymous_27)
FN:551,(anonymous_28)
FN:566,(anonymous_29)
FN:585,(anonymous_30)
FN:642,(anonymous_31)
FN:645,(anonymous_32)
FN:672,(anonymous_33)
FN:673,(anonymous_34)
FN:720,(anonymous_35)
FN:739,(anonymous_36)
FN:796,(anonymous_37)
FN:799,(anonymous_38)
FN:826,(anonymous_39)
FN:827,(anonymous_40)
FNF:41
FNH:0
FNDA:0,AIChatScreen
FNDA:0,(anonymous_1)
FNDA:0,(anonymous_2)
FNDA:0,(anonymous_3)
FNDA:0,(anonymous_4)
FNDA:0,(anonymous_5)
FNDA:0,(anonymous_6)
FNDA:0,(anonymous_7)
FNDA:0,(anonymous_8)
FNDA:0,(anonymous_9)
FNDA:0,(anonymous_10)
FNDA:0,(anonymous_11)
FNDA:0,(anonymous_12)
FNDA:0,(anonymous_13)
FNDA:0,(anonymous_14)
FNDA:0,(anonymous_15)
FNDA:0,(anonymous_16)
FNDA:0,(anonymous_17)
FNDA:0,(anonymous_18)
FNDA:0,(anonymous_19)
FNDA:0,(anonymous_20)
FNDA:0,(anonymous_21)
FNDA:0,(anonymous_22)
FNDA:0,(anonymous_23)
FNDA:0,(anonymous_24)
FNDA:0,(anonymous_25)
FNDA:0,(anonymous_26)
FNDA:0,(anonymous_27)
FNDA:0,(anonymous_28)
FNDA:0,(anonymous_29)
FNDA:0,(anonymous_30)
FNDA:0,(anonymous_31)
FNDA:0,(anonymous_32)
FNDA:0,(anonymous_33)
FNDA:0,(anonymous_34)
FNDA:0,(anonymous_35)
FNDA:0,(anonymous_36)
FNDA:0,(anonymous_37)
FNDA:0,(anonymous_38)
FNDA:0,(anonymous_39)
FNDA:0,(anonymous_40)
DA:21,0
DA:30,0
DA:312,0
DA:313,0
DA:314,0
DA:315,0
DA:316,0
DA:317,0
DA:318,0
DA:319,0
DA:320,0
DA:321,0
DA:322,0
DA:323,0
DA:324,0
DA:325,0
DA:328,0
DA:329,0
DA:330,0
DA:331,0
DA:333,0
DA:335,0
DA:336,0
DA:339,0
DA:345,0
DA:347,0
DA:349,0
DA:357,0
DA:365,0
DA:368,0
DA:369,0
DA:373,0
DA:374,0
DA:375,0
DA:376,0
DA:378,0
DA:379,0
DA:383,0
DA:384,0
DA:387,0
DA:388,0
DA:391,0
DA:392,0
DA:393,0
DA:394,0
DA:399,0
DA:400,0
DA:402,0
DA:409,0
DA:410,0
DA:411,0
DA:412,0
DA:414,0
DA:415,0
DA:417,0
DA:418,0
DA:420,0
DA:421,0
DA:427,0
DA:430,0
DA:431,0
DA:432,0
DA:438,0
DA:444,0
DA:445,0
DA:447,0
DA:448,0
DA:454,0
DA:458,0
DA:459,0
DA:460,0
DA:466,0
DA:471,0
DA:475,0
DA:476,0
DA:478,0
DA:484,0
DA:486,0
DA:487,0
DA:493,0
DA:497,0
DA:498,0
DA:501,0
DA:503,0
DA:504,0
DA:510,0
DA:515,0
DA:516,0
DA:517,0
DA:519,0
DA:527,0
DA:528,0
DA:531,0
DA:537,0
DA:540,0
DA:542,0
DA:543,0
DA:544,0
DA:546,0
DA:551,0
DA:552,0
DA:555,0
DA:566,0
DA:586,0
DA:589,0
DA:590,0
DA:598,0
DA:643,0
DA:645,0
DA:672,0
DA:673,0
DA:720,0
DA:740,0
DA:743,0
DA:744,0
DA:752,0
DA:797,0
DA:799,0
DA:826,0
DA:827,0
DA:848,0
LF:121
LH:0
BRDA:330,0,0,0
BRDA:330,0,1,0
BRDA:330,1,0,0
BRDA:330,1,1,0
BRDA:374,2,0,0
BRDA:374,2,1,0
BRDA:400,3,0,0
BRDA:400,3,1,0
BRDA:415,4,0,0
BRDA:415,4,1,0
BRDA:418,5,0,0
BRDA:418,5,1,0
BRDA:418,6,0,0
BRDA:418,6,1,0
BRDA:450,7,0,0
BRDA:450,7,1,0
BRDA:489,8,0,0
BRDA:489,8,1,0
BRDA:497,9,0,0
BRDA:497,9,1,0
BRDA:497,10,0,0
BRDA:497,10,1,0
BRDA:517,11,0,0
BRDA:517,11,1,0
BRDA:527,12,0,0
BRDA:527,12,1,0
BRDA:533,13,0,0
BRDA:533,13,1,0
BRDA:560,14,0,0
BRDA:560,14,1,0
BRDA:586,15,0,0
BRDA:586,15,1,0
BRDA:589,16,0,0
BRDA:589,16,1,0
BRDA:589,17,0,0
BRDA:589,17,1,0
BRDA:603,18,0,0
BRDA:603,18,1,0
BRDA:606,19,0,0
BRDA:606,19,1,0
BRDA:614,20,0,0
BRDA:614,20,1,0
BRDA:615,21,0,0
BRDA:615,21,1,0
BRDA:616,22,0,0
BRDA:616,22,1,0
BRDA:622,23,0,0
BRDA:622,23,1,0
BRDA:627,24,0,0
BRDA:627,24,1,0
BRDA:637,25,0,0
BRDA:637,25,1,0
BRDA:676,26,0,0
BRDA:676,26,1,0
BRDA:677,27,0,0
BRDA:677,27,1,0
BRDA:678,28,0,0
BRDA:678,28,1,0
BRDA:681,29,0,0
BRDA:681,29,1,0
BRDA:701,30,0,0
BRDA:701,30,1,0
BRDA:740,31,0,0
BRDA:740,31,1,0
BRDA:743,32,0,0
BRDA:743,32,1,0
BRDA:743,33,0,0
BRDA:743,33,1,0
BRDA:757,34,0,0
BRDA:757,34,1,0
BRDA:760,35,0,0
BRDA:760,35,1,0
BRDA:768,36,0,0
BRDA:768,36,1,0
BRDA:769,37,0,0
BRDA:769,37,1,0
BRDA:770,38,0,0
BRDA:770,38,1,0
BRDA:776,39,0,0
BRDA:776,39,1,0
BRDA:781,40,0,0
BRDA:781,40,1,0
BRDA:791,41,0,0
BRDA:791,41,1,0
BRDA:835,42,0,0
BRDA:835,42,1,0
BRDA:932,43,0,0
BRDA:932,43,1,0
BRDA:946,44,0,0
BRDA:946,44,1,0
BRDA:966,45,0,0
BRDA:966,45,1,0
BRDA:969,46,0,0
BRDA:969,46,1,0
BRF:94
BRH:0
end_of_record
TN:
SF:app\analytics.tsx
FN:56,AnalyticsScreen
FN:95,(anonymous_1)
FN:132,(anonymous_2)
FN:159,(anonymous_3)
FN:171,(anonymous_4)
FN:178,(anonymous_5)
FN:214,(anonymous_6)
FN:250,(anonymous_7)
FN:286,(anonymous_8)
FN:327,(anonymous_9)
FN:349,(anonymous_10)
FN:361,(anonymous_11)
FN:390,(anonymous_12)
FN:396,(anonymous_13)
FN:444,(anonymous_14)
FN:447,(anonymous_15)
FN:541,(anonymous_16)
FN:607,(anonymous_17)
FNF:18
FNH:0
FNDA:0,AnalyticsScreen
FNDA:0,(anonymous_1)
FNDA:0,(anonymous_2)
FNDA:0,(anonymous_3)
FNDA:0,(anonymous_4)
FNDA:0,(anonymous_5)
FNDA:0,(anonymous_6)
FNDA:0,(anonymous_7)
FNDA:0,(anonymous_8)
FNDA:0,(anonymous_9)
FNDA:0,(anonymous_10)
FNDA:0,(anonymous_11)
FNDA:0,(anonymous_12)
FNDA:0,(anonymous_13)
FNDA:0,(anonymous_14)
FNDA:0,(anonymous_15)
FNDA:0,(anonymous_16)
FNDA:0,(anonymous_17)
DA:19,0
DA:57,0
DA:58,0
DA:59,0
DA:60,0
DA:62,0
DA:63,0
DA:64,0
DA:65,0
DA:66,0
DA:69,0
DA:70,0
DA:73,0
DA:90,0
DA:91,0
DA:92,0
DA:95,0
DA:96,0
DA:98,0
DA:99,0
DA:103,0
DA:104,0
DA:108,0
DA:111,0
DA:112,0
DA:131,0
DA:132,0
DA:143,0
DA:144,0
DA:148,0
DA:149,0
DA:152,0
DA:154,0
DA:159,0
DA:160,0
DA:161,0
DA:166,0
DA:171,0
DA:172,0
DA:173,0
DA:174,0
DA:178,0
DA:179,0
DA:180,0
DA:181,0
DA:187,0
DA:188,0
DA:189,0
DA:191,0
DA:192,0
DA:193,0
DA:195,0
DA:196,0
DA:197,0
DA:198,0
DA:200,0
DA:210,0
DA:214,0
DA:250,0
DA:286,0
DA:322,0
DA:323,0
DA:327,0
DA:349,0
DA:361,0
DA:362,0
DA:384,0
DA:390,0
DA:396,0
DA:445,0
DA:447,0
DA:542,0
DA:607,0
DA:612,0
LF:74
LH:0
BRDA:69,0,0,0
BRDA:69,0,1,0
BRDA:96,1,0,0
BRDA:96,1,1,0
BRDA:101,2,0,0
BRDA:101,2,1,0
BRDA:106,3,0,0
BRDA:106,3,1,0
BRDA:111,4,0,0
BRDA:111,4,1,0
BRDA:113,5,0,0
BRDA:113,5,1,0
BRDA:114,6,0,0
BRDA:114,6,1,0
BRDA:115,7,0,0
BRDA:115,7,1,0
BRDA:116,8,0,0
BRDA:116,8,1,0
BRDA:117,9,0,0
BRDA:117,9,1,0
BRDA:118,10,0,0
BRDA:118,10,1,0
BRDA:119,11,0,0
BRDA:119,11,1,0
BRDA:120,12,0,0
BRDA:120,12,1,0
BRDA:121,13,0,0
BRDA:121,13,1,0
BRDA:122,14,0,0
BRDA:122,14,1,0
BRDA:123,15,0,0
BRDA:123,15,1,0
BRDA:124,16,0,0
BRDA:124,16,1,0
BRDA:125,17,0,0
BRDA:125,17,1,0
BRDA:126,18,0,0
BRDA:126,18,1,0
BRDA:131,19,0,0
BRDA:131,19,1,0
BRDA:133,20,0,0
BRDA:133,20,1,0
BRDA:133,20,2,0
BRDA:134,21,0,0
BRDA:134,21,1,0
BRDA:135,22,0,0
BRDA:135,22,1,0
BRDA:136,23,0,0
BRDA:136,23,1,0
BRDA:137,24,0,0
BRDA:137,24,1,0
BRDA:137,24,2,0
BRDA:138,25,0,0
BRDA:138,25,1,0
BRDA:143,26,0,0
BRDA:143,26,1,0
BRDA:148,27,0,0
BRDA:148,27,1,0
BRDA:160,28,0,0
BRDA:160,28,1,0
BRDA:181,29,0,0
BRDA:181,29,1,0
BRDA:182,30,0,0
BRDA:182,30,1,0
BRDA:183,31,0,0
BRDA:183,31,1,0
BRDA:184,32,0,0
BRDA:184,32,1,0
BRDA:185,33,0,0
BRDA:185,33,1,0
BRDA:226,34,0,0
BRDA:226,34,1,0
BRDA:227,35,0,0
BRDA:227,35,1,0
BRDA:229,36,0,0
BRDA:229,36,1,0
BRDA:322,37,0,0
BRDA:322,37,1,0
BRDA:370,38,0,0
BRDA:370,38,1,0
BRDA:374,39,0,0
BRDA:374,39,1,0
BRDA:375,40,0,0
BRDA:375,40,1,0
BRDA:400,41,0,0
BRDA:400,41,1,0
BRDA:450,42,0,0
BRDA:450,42,1,0
BRDA:459,43,0,0
BRDA:459,43,1,0
BRDA:475,44,0,0
BRDA:475,44,1,0
BRDA:475,44,2,0
BRDA:477,45,0,0
BRDA:477,45,1,0
BRDA:488,46,0,0
BRDA:488,46,1,0
BRDA:488,47,0,0
BRDA:488,47,1,0
BRDA:494,48,0,0
BRDA:494,48,1,0
BRDA:494,49,0,0
BRDA:494,49,1,0
BRDA:494,50,0,0
BRDA:494,50,1,0
BRDA:502,51,0,0
BRDA:502,51,1,0
BRDA:504,52,0,0
BRDA:504,52,1,0
BRDA:527,53,0,0
BRDA:527,53,1,0
BRDA:540,54,0,0
BRDA:540,54,1,0
BRDA:542,55,0,0
BRDA:542,55,1,0
BRDA:547,56,0,0
BRDA:547,56,1,0
BRDA:553,57,0,0
BRDA:553,57,1,0
BRDA:553,58,0,0
BRDA:553,58,1,0
BRF:121
BRH:0
end_of_record
TN:
SF:app\backend-test.tsx
FN:12,BackendTestScreen
FN:19,(anonymous_1)
FN:23,(anonymous_2)
FN:25,(anonymous_3)
FN:28,(anonymous_4)
FN:44,(anonymous_5)
FN:54,(anonymous_6)
FN:64,(anonymous_7)
FN:69,(anonymous_8)
FN:72,(anonymous_9)
FN:79,(anonymous_10)
FN:195,(anonymous_11)
FNF:12
FNH:0
FNDA:0,BackendTestScreen
FNDA:0,(anonymous_1)
FNDA:0,(anonymous_2)
FNDA:0,(anonymous_3)
FNDA:0,(anonymous_4)
FNDA:0,(anonymous_5)
FNDA:0,(anonymous_6)
FNDA:0,(anonymous_7)
FNDA:0,(anonymous_8)
FNDA:0,(anonymous_9)
FNDA:0,(anonymous_10)
FNDA:0,(anonymous_11)
DA:13,0
DA:14,0
DA:15,0
DA:16,0
DA:19,0
DA:20,0
DA:23,0
DA:24,0
DA:25,0
DA:28,0
DA:29,0
DA:30,0
DA:31,0
DA:32,0
DA:33,0
DA:34,0
DA:36,0
DA:39,0
DA:40,0
DA:44,0
DA:45,0
DA:46,0
DA:47,0
DA:48,0
DA:50,0
DA:54,0
DA:55,0
DA:56,0
DA:57,0
DA:58,0
DA:60,0
DA:64,0
DA:65,0
DA:66,0
DA:68,0
DA:69,0
DA:71,0
DA:72,0
DA:74,0
DA:76,0
DA:79,0
DA:80,0
DA:83,0
DA:196,0
DA:231,0
LF:45
LH:0
BRDA:23,0,0,0
BRDA:24,1,0,0
BRDA:24,1,1,0
BRDA:33,2,0,0
BRDA:33,2,1,0
BRDA:102,3,0,0
BRDA:102,3,1,0
BRDA:109,4,0,0
BRDA:109,4,1,0
BRDA:113,5,0,0
BRDA:113,5,1,0
BRDA:116,6,0,0
BRDA:116,6,1,0
BRDA:121,7,0,0
BRDA:121,7,1,0
BRDA:193,8,0,0
BRDA:193,8,1,0
BRF:17
BRH:0
end_of_record
TN:
SF:app\backtest-results.tsx
FN:47,(anonymous_0)
FN:55,(anonymous_1)
FN:59,(anonymous_2)
FN:154,(anonymous_3)
FN:161,(anonymous_4)
FN:165,(anonymous_5)
FN:174,(anonymous_6)
FN:196,(anonymous_7)
FN:203,(anonymous_8)
FN:215,(anonymous_9)
FN:222,(anonymous_10)
FN:253,(anonymous_11)
FN:261,(anonymous_12)
FN:269,(anonymous_13)
FN:337,(anonymous_14)
FN:339,(anonymous_15)
FN:340,(anonymous_16)
FN:351,(anonymous_17)
FN:352,(anonymous_18)
FN:372,(anonymous_19)
FN:374,(anonymous_20)
FN:384,(anonymous_21)
FN:385,(anonymous_22)
FNF:23
FNH:0
FNDA:0,(anonymous_0)
FNDA:0,(anonymous_1)
FNDA:0,(anonymous_2)
FNDA:0,(anonymous_3)
FNDA:0,(anonymous_4)
FNDA:0,(anonymous_5)
FNDA:0,(anonymous_6)
FNDA:0,(anonymous_7)
FNDA:0,(anonymous_8)
FNDA:0,(anonymous_9)
FNDA:0,(anonymous_10)
FNDA:0,(anonymous_11)
FNDA:0,(anonymous_12)
FNDA:0,(anonymous_13)
FNDA:0,(anonymous_14)
FNDA:0,(anonymous_15)
FNDA:0,(anonymous_16)
FNDA:0,(anonymous_17)
FNDA:0,(anonymous_18)
FNDA:0,(anonymous_19)
FNDA:0,(anonymous_20)
FNDA:0,(anonymous_21)
FNDA:0,(anonymous_22)
DA:17,0
DA:47,0
DA:48,0
DA:49,0
DA:50,0
DA:51,0
DA:52,0
DA:53,0
DA:55,0
DA:56,0
DA:59,0
DA:60,0
DA:61,0
DA:64,0
DA:127,0
DA:128,0
DA:131,0
DA:146,0
DA:148,0
DA:150,0
DA:154,0
DA:155,0
DA:161,0
DA:162,0
DA:165,0
DA:166,0
DA:167,0
DA:168,0
DA:169,0
DA:170,0
DA:174,0
DA:175,0
DA:178,0
DA:179,0
DA:187,0
DA:196,0
DA:216,0
DA:222,0
DA:253,0
DA:261,0
DA:269,0
DA:337,0
DA:339,0
DA:340,0
DA:351,0
DA:352,0
DA:372,0
DA:374,0
DA:384,0
DA:385,0
DA:460,0
LF:51
LH:0
BRDA:166,0,0,0
BRDA:166,0,1,0
BRDA:166,0,2,0
BRDA:166,0,3,0
BRDA:175,1,0,0
BRDA:175,1,1,0
BRDA:178,2,0,0
BRDA:178,2,1,0
BRDA:220,3,0,0
BRDA:220,3,1,0
BRDA:247,4,0,0
BRDA:247,4,1,0
BRDA:252,5,0,0
BRDA:252,5,1,0
BRDA:255,6,0,0
BRDA:255,6,1,0
BRDA:260,7,0,0
BRDA:260,7,1,0
BRDA:263,8,0,0
BRDA:263,8,1,0
BRDA:268,9,0,0
BRDA:268,9,1,0
BRDA:271,10,0,0
BRDA:271,10,1,0
BRDA:278,11,0,0
BRDA:278,11,1,0
BRDA:322,12,0,0
BRDA:322,12,1,0
BRDA:328,13,0,0
BRDA:328,13,1,0
BRDA:340,14,0,0
BRDA:351,15,0,0
BRDA:352,16,0,0
BRDA:384,17,0,0
BRDA:385,18,0,0
BRDA:396,19,0,0
BRDA:396,19,1,0
BRDA:449,20,0,0
BRDA:449,20,1,0
BRF:39
BRH:0
end_of_record
TN:
SF:app\candlestick-demo.tsx
FN:6,(anonymous_0)
FN:9,(anonymous_1)
FN:35,(anonymous_2)
FN:42,(anonymous_3)
FN:80,(anonymous_4)
FN:80,(anonymous_5)
FNF:6
FNH:0
FNDA:0,(anonymous_0)
FNDA:0,(anonymous_1)
FNDA:0,(anonymous_2)
FNDA:0,(anonymous_3)
FNDA:0,(anonymous_4)
FNDA:0,(anonymous_5)
DA:6,0
DA:7,0
DA:9,0
DA:10,0
DA:11,0
DA:12,0
DA:13,0
DA:14,0
DA:15,0
DA:19,0
DA:26,0
DA:36,0
DA:42,0
DA:80,0
DA:87,0
LF:15
LH:0
BRDA:10,0,0,0
BRDA:10,0,1,0
BRDA:10,0,2,0
BRDA:10,0,3,0
BRDA:10,0,4,0
BRDA:40,1,0,0
BRDA:40,1,1,0
BRDA:46,2,0,0
BRDA:46,2,1,0
BRF:9
BRH:0
end_of_record
TN:
SF:app\daily-quests.tsx
FN:17,(anonymous_0)
FN:53,DailyQuestsScreen
FN:58,(anonymous_2)
FN:59,(anonymous_3)
FN:63,(anonymous_4)
FN:66,(anonymous_5)
FN:74,(anonymous_6)
FN:103,(anonymous_7)
FN:189,(anonymous_8)
FNF:9
FNH:0
FNDA:0,(anonymous_0)
FNDA:0,DailyQuestsScreen
FNDA:0,(anonymous_2)
FNDA:0,(anonymous_3)
FNDA:0,(anonymous_4)
FNDA:0,(anonymous_5)
FNDA:0,(anonymous_6)
FNDA:0,(anonymous_7)
FNDA:0,(anonymous_8)
DA:17,0
DA:18,0
DA:19,0
DA:20,0
DA:21,0
DA:22,0
DA:23,0
DA:26,0
DA:54,0
DA:55,0
DA:56,0
DA:58,0
DA:59,0
DA:60,0
DA:63,0
DA:66,0
DA:68,0
DA:74,0
DA:104,0
DA:105,0
DA:107,0
DA:189,0
DA:194,0
LF:23
LH:0
BRDA:112,0,0,0
BRDA:112,0,1,0
BRDA:114,1,0,0
BRDA:114,1,1,0
BRDA:130,2,0,0
BRDA:130,2,1,0
BRDA:141,3,0,0
BRDA:141,3,1,0
BRF:8
BRH:0
end_of_record
TN:
SF:app\explainability.tsx
FN:16,ExplainabilityScreen
FN:47,(anonymous_1)
FN:48,(anonymous_2)
FN:63,(anonymous_3)
FN:113,(anonymous_4)
FN:142,(anonymous_5)
FN:145,(anonymous_6)
FN:168,(anonymous_7)
FN:186,(anonymous_8)
FN:194,(anonymous_9)
FNF:10
FNH:0
FNDA:0,ExplainabilityScreen
FNDA:0,(anonymous_1)
FNDA:0,(anonymous_2)
FNDA:0,(anonymous_3)
FNDA:0,(anonymous_4)
FNDA:0,(anonymous_5)
FNDA:0,(anonymous_6)
FNDA:0,(anonymous_7)
FNDA:0,(anonymous_8)
FNDA:0,(anonymous_9)
DA:17,0
DA:18,0
DA:20,0
DA:47,0
DA:48,0
DA:49,0
DA:53,0
DA:63,0
DA:114,0
DA:143,0
DA:145,0
DA:169,0
DA:186,0
DA:194,0
DA:199,0
LF:15
LH:0
BRDA:49,0,0,0
BRDA:49,0,1,0
BRDA:156,1,0,0
BRDA:156,1,1,0
BRDA:166,2,0,0
BRDA:166,2,1,0
BRF:6
BRH:0
end_of_record
TN:
SF:app\game-play.tsx
FN:58,GamePlayScreen
FN:85,(anonymous_1)
FN:86,(anonymous_2)
FN:115,(anonymous_3)
FN:139,(anonymous_4)
FN:167,(anonymous_5)
FN:168,(anonymous_6)
FN:178,(anonymous_7)
FN:189,(anonymous_8)
FN:203,(anonymous_9)
FN:212,(anonymous_10)
FN:215,(anonymous_11)
FN:219,(anonymous_12)
FN:222,(anonymous_13)
FN:228,(anonymous_14)
FN:231,(anonymous_15)
FN:236,(anonymous_16)
FN:243,(anonymous_17)
FN:252,(anonymous_18)
FN:253,(anonymous_19)
FN:268,(anonymous_20)
FN:278,(anonymous_21)
FN:279,(anonymous_22)
FN:280,(anonymous_23)
FN:294,(anonymous_24)
FN:296,(anonymous_25)
FN:303,(anonymous_26)
FN:310,(anonymous_27)
FN:320,(anonymous_28)
FN:345,(anonymous_29)
FN:397,(anonymous_30)
FN:400,(anonymous_31)
FN:509,(anonymous_32)
FN:536,(anonymous_33)
FN:585,(anonymous_34)
FN:626,(anonymous_35)
FN:628,(anonymous_36)
FN:630,(anonymous_37)
FN:667,(anonymous_38)
FN:678,(anonymous_39)
FNF:40
FNH:0
FNDA:0,GamePlayScreen
FNDA:0,(anonymous_1)
FNDA:0,(anonymous_2)
FNDA:0,(anonymous_3)
FNDA:0,(anonymous_4)
FNDA:0,(anonymous_5)
FNDA:0,(anonymous_6)
FNDA:0,(anonymous_7)
FNDA:0,(anonymous_8)
FNDA:0,(anonymous_9)
FNDA:0,(anonymous_10)
FNDA:0,(anonymous_11)
FNDA:0,(anonymous_12)
FNDA:0,(anonymous_13)
FNDA:0,(anonymous_14)
FNDA:0,(anonymous_15)
FNDA:0,(anonymous_16)
FNDA:0,(anonymous_17)
FNDA:0,(anonymous_18)
FNDA:0,(anonymous_19)
FNDA:0,(anonymous_20)
FNDA:0,(anonymous_21)
FNDA:0,(anonymous_22)
FNDA:0,(anonymous_23)
FNDA:0,(anonymous_24)
FNDA:0,(anonymous_25)
FNDA:0,(anonymous_26)
FNDA:0,(anonymous_27)
FNDA:0,(anonymous_28)
FNDA:0,(anonymous_29)
FNDA:0,(anonymous_30)
FNDA:0,(anonymous_31)
FNDA:0,(anonymous_32)
FNDA:0,(anonymous_33)
FNDA:0,(anonymous_34)
FNDA:0,(anonymous_35)
FNDA:0,(anonymous_36)
FNDA:0,(anonymous_37)
FNDA:0,(anonymous_38)
FNDA:0,(anonymous_39)
DA:25,0
DA:59,0
DA:60,0
DA:61,0
DA:62,0
DA:65,0
DA:66,0
DA:67,0
DA:68,0
DA:69,0
DA:71,0
DA:72,0
DA:73,0
DA:74,0
DA:75,0
DA:76,0
DA:77,0
DA:78,0
DA:79,0
DA:80,0
DA:81,0
DA:82,0
DA:85,0
DA:86,0
DA:87,0
DA:88,0
DA:90,0
DA:92,0
DA:93,0
DA:94,0
DA:95,0
DA:96,0
DA:97,0
DA:100,0
DA:101,0
DA:104,0
DA:107,0
DA:111,0
DA:115,0
DA:116,0
DA:118,0
DA:119,0
DA:129,0
DA:131,0
DA:133,0
DA:134,0
DA:139,0
DA:140,0
DA:142,0
DA:143,0
DA:154,0
DA:157,0
DA:158,0
DA:160,0
DA:161,0
DA:163,0
DA:167,0
DA:168,0
DA:172,0
DA:173,0
DA:178,0
DA:179,0
DA:181,0
DA:190,0
DA:191,0
DA:192,0
DA:194,0
DA:203,0
DA:212,0
DA:213,0
DA:215,0
DA:216,0
DA:217,0
DA:218,0
DA:219,0
DA:222,0
DA:223,0
DA:225,0
DA:228,0
DA:231,0
DA:232,0
DA:233,0
DA:236,0
DA:239,0
DA:243,0
DA:244,0
DA:245,0
DA:247,0
DA:248,0
DA:249,0
DA:252,0
DA:253,0
DA:260,0
DA:261,0
DA:268,0
DA:269,0
DA:270,0
DA:271,0
DA:274,0
DA:275,0
DA:276,0
DA:278,0
DA:279,0
DA:280,0
DA:282,0
DA:283,0
DA:287,0
DA:294,0
DA:295,0
DA:296,0
DA:298,0
DA:299,0
DA:303,0
DA:304,0
DA:305,0
DA:308,0
DA:310,0
DA:311,0
DA:312,0
DA:321,0
DA:322,0
DA:323,0
DA:324,0
DA:330,0
DA:334,0
DA:345,0
DA:398,0
DA:400,0
DA:509,0
DA:537,0
DA:538,0
DA:586,0
DA:626,0
DA:628,0
DA:630,0
DA:667,0
DA:678,0
DA:703,0
LF:138
LH:0
BRDA:65,0,0,0
BRDA:65,0,1,0
BRDA:66,1,0,0
BRDA:66,1,1,0
BRDA:67,2,0,0
BRDA:67,2,1,0
BRDA:68,3,0,0
BRDA:68,3,1,0
BRDA:72,4,0,0
BRDA:72,4,1,0
BRDA:72,5,0,0
BRDA:72,5,1,0
BRDA:90,6,0,0
BRDA:90,6,1,0
BRDA:95,7,0,0
BRDA:95,7,1,0
BRDA:96,8,0,0
BRDA:96,8,1,0
BRDA:97,9,0,0
BRDA:97,9,1,0
BRDA:116,10,0,0
BRDA:116,10,1,0
BRDA:140,11,0,0
BRDA:140,11,1,0
BRDA:179,12,0,0
BRDA:179,12,1,0
BRDA:205,13,0,0
BRDA:205,13,1,0
BRDA:213,14,0,0
BRDA:213,14,1,0
BRDA:226,15,0,0
BRDA:226,15,1,0
BRDA:226,16,0,0
BRDA:226,16,1,0
BRDA:232,17,0,0
BRDA:232,17,1,0
BRDA:232,18,0,0
BRDA:232,18,1,0
BRDA:232,18,2,0
BRDA:247,19,0,0
BRDA:247,19,1,0
BRDA:260,20,0,0
BRDA:260,20,1,0
BRDA:269,21,0,0
BRDA:269,21,1,0
BRDA:282,22,0,0
BRDA:282,22,1,0
BRDA:283,23,0,0
BRDA:283,23,1,0
BRDA:295,24,0,0
BRDA:295,24,1,0
BRDA:311,25,0,0
BRDA:311,25,1,0
BRDA:348,26,0,0
BRDA:348,26,1,0
BRDA:366,27,0,0
BRDA:366,27,1,0
BRDA:372,28,0,0
BRDA:372,28,1,0
BRDA:377,29,0,0
BRDA:377,29,1,0
BRDA:379,30,0,0
BRDA:379,30,1,0
BRDA:384,31,0,0
BRDA:384,31,1,0
BRDA:392,32,0,0
BRDA:392,32,1,0
BRDA:403,33,0,0
BRDA:403,33,1,0
BRDA:426,34,0,0
BRDA:426,34,1,0
BRDA:428,35,0,0
BRDA:428,35,1,0
BRDA:431,36,0,0
BRDA:431,36,1,0
BRDA:439,37,0,0
BRDA:439,37,1,0
BRDA:445,38,0,0
BRDA:445,38,1,0
BRDA:456,39,0,0
BRDA:456,39,1,0
BRDA:456,39,2,0
BRDA:462,40,0,0
BRDA:462,40,1,0
BRDA:473,41,0,0
BRDA:473,41,1,0
BRDA:475,42,0,0
BRDA:475,42,1,0
BRDA:490,43,0,0
BRDA:490,43,1,0
BRDA:497,44,0,0
BRDA:497,44,1,0
BRDA:501,45,0,0
BRDA:501,45,1,0
BRDA:505,46,0,0
BRDA:505,46,1,0
BRDA:505,46,2,0
BRDA:518,47,0,0
BRDA:518,47,1,0
BRDA:532,48,0,0
BRDA:532,48,1,0
BRDA:543,49,0,0
BRDA:543,49,1,0
BRDA:546,50,0,0
BRDA:546,50,1,0
BRDA:591,51,0,0
BRDA:591,51,1,0
BRDA:611,52,0,0
BRDA:611,52,1,0
BRDA:613,53,0,0
BRDA:613,53,1,0
BRF:111
BRH:0
end_of_record
TN:
SF:app\game-setup.tsx
FN:175,GameSetupScreen
FN:187,(anonymous_1)
FN:193,(anonymous_2)
FN:199,(anonymous_3)
FN:237,(anonymous_4)
FN:246,(anonymous_5)
FN:247,(anonymous_6)
FN:255,(anonymous_7)
FN:300,(anonymous_8)
FN:308,(anonymous_9)
FN:325,(anonymous_10)
FN:331,(anonymous_11)
FN:349,(anonymous_12)
FN:352,(anonymous_13)
FN:380,(anonymous_14)
FN:401,(anonymous_15)
FN:403,(anonymous_16)
FN:412,(anonymous_17)
FN:472,(anonymous_18)
FN:479,(anonymous_19)
FN:561,(anonymous_20)
FN:591,(anonymous_21)
FNF:22
FNH:0
FNDA:0,GameSetupScreen
FNDA:0,(anonymous_1)
FNDA:0,(anonymous_2)
FNDA:0,(anonymous_3)
FNDA:0,(anonymous_4)
FNDA:0,(anonymous_5)
FNDA:0,(anonymous_6)
FNDA:0,(anonymous_7)
FNDA:0,(anonymous_8)
FNDA:0,(anonymous_9)
FNDA:0,(anonymous_10)
FNDA:0,(anonymous_11)
FNDA:0,(anonymous_12)
FNDA:0,(anonymous_13)
FNDA:0,(anonymous_14)
FNDA:0,(anonymous_15)
FNDA:0,(anonymous_16)
FNDA:0,(anonymous_17)
FNDA:0,(anonymous_18)
FNDA:0,(anonymous_19)
FNDA:0,(anonymous_20)
FNDA:0,(anonymous_21)
DA:23,0
DA:26,0
DA:109,0
DA:151,0
DA:176,0
DA:177,0
DA:179,0
DA:180,0
DA:181,0
DA:182,0
DA:183,0
DA:184,0
DA:185,0
DA:187,0
DA:188,0
DA:189,0
DA:190,0
DA:191,0
DA:193,0
DA:195,0
DA:199,0
DA:200,0
DA:201,0
DA:203,0
DA:207,0
DA:213,0
DA:216,0
DA:224,0
DA:229,0
DA:230,0
DA:231,0
DA:233,0
DA:237,0
DA:238,0
DA:239,0
DA:240,0
DA:241,0
DA:242,0
DA:246,0
DA:247,0
DA:249,0
DA:255,0
DA:301,0
DA:309,0
DA:310,0
DA:311,0
DA:325,0
DA:331,0
DA:350,0
DA:352,0
DA:381,0
DA:403,0
DA:404,0
DA:405,0
DA:406,0
DA:409,0
DA:412,0
DA:473,0
DA:474,0
DA:476,0
DA:479,0
DA:562,0
DA:591,0
DA:596,0
LF:64
LH:0
BRDA:188,0,0,0
BRDA:188,0,1,0
BRDA:189,1,0,0
BRDA:189,1,1,0
BRDA:230,2,0,0
BRDA:230,2,1,0
BRDA:231,3,0,0
BRDA:231,3,1,0
BRDA:238,4,0,0
BRDA:238,4,1,0
BRDA:238,4,2,0
BRDA:238,4,3,0
BRDA:296,5,0,0
BRDA:296,5,1,0
BRDA:309,6,0,0
BRDA:309,6,1,0
BRDA:333,7,0,0
BRDA:333,7,1,0
BRDA:357,8,0,0
BRDA:357,8,1,0
BRDA:373,9,0,0
BRDA:373,9,1,0
BRDA:378,10,0,0
BRDA:378,10,1,0
BRDA:404,11,0,0
BRDA:404,11,1,0
BRDA:405,12,0,0
BRDA:405,12,1,0
BRDA:418,13,0,0
BRDA:418,13,1,0
BRDA:437,14,0,0
BRDA:437,14,1,0
BRDA:461,15,0,0
BRDA:461,15,1,0
BRDA:485,16,0,0
BRDA:485,16,1,0
BRDA:493,17,0,0
BRDA:493,17,1,0
BRDA:516,18,0,0
BRDA:516,18,1,0
BRDA:541,19,0,0
BRDA:541,19,1,0
BRDA:542,20,0,0
BRDA:542,20,1,0
BRDA:576,21,0,0
BRDA:576,21,1,0
BRDA:579,22,0,0
BRDA:579,22,1,0
BRDA:582,23,0,0
BRDA:582,23,1,0
BRF:50
BRH:0
end_of_record
TN:
SF:app\index.tsx
FN:6,Index
FNF:1
FNH:0
FNDA:0,Index
DA:7,0
DA:8,0
DA:10,0
DA:12,0
DA:13,0
DA:16,0
DA:17,0
DA:20,0
LF:8
LH:0
BRDA:10,0,0,0
BRDA:10,0,1,0
BRDA:12,1,0,0
BRDA:12,1,1,0
BRDA:16,2,0,0
BRDA:16,2,1,0
BRF:6
BRH:0
end_of_record
TN:
SF:app\landing.tsx
FN:7,Landing
FN:32,(anonymous_1)
FN:41,(anonymous_2)
FNF:3
FNH:0
FNDA:0,Landing
FNDA:0,(anonymous_1)
FNDA:0,(anonymous_2)
DA:8,0
DA:9,0
DA:11,0
DA:32,0
DA:41,0
DA:101,0
LF:6
LH:0
BRF:0
BRH:0
end_of_record
TN:
SF:app\learning-topics.tsx
FN:20,LearningTopicsScreen
FN:37,(anonymous_1)
FN:63,(anonymous_2)
FN:73,(anonymous_3)
FN:74,(anonymous_4)
FN:82,(anonymous_5)
FN:101,(anonymous_6)
FN:104,(anonymous_7)
FN:136,(anonymous_8)
FN:140,(anonymous_9)
FN:157,(anonymous_10)
FN:160,(anonymous_11)
FN:187,(anonymous_12)
FN:188,(anonymous_13)
FN:192,(anonymous_14)
FN:206,(anonymous_15)
FN:238,(anonymous_16)
FN:241,(anonymous_17)
FN:286,(anonymous_18)
FNF:19
FNH:0
FNDA:0,LearningTopicsScreen
FNDA:0,(anonymous_1)
FNDA:0,(anonymous_2)
FNDA:0,(anonymous_3)
FNDA:0,(anonymous_4)
FNDA:0,(anonymous_5)
FNDA:0,(anonymous_6)
FNDA:0,(anonymous_7)
FNDA:0,(anonymous_8)
FNDA:0,(anonymous_9)
FNDA:0,(anonymous_10)
FNDA:0,(anonymous_11)
FNDA:0,(anonymous_12)
FNDA:0,(anonymous_13)
FNDA:0,(anonymous_14)
FNDA:0,(anonymous_15)
FNDA:0,(anonymous_16)
FNDA:0,(anonymous_17)
FNDA:0,(anonymous_18)
DA:10,0
DA:21,0
DA:22,0
DA:23,0
DA:24,0
DA:25,0
DA:26,0
DA:27,0
DA:30,0
DA:37,0
DA:38,0
DA:51,0
DA:54,0
DA:55,0
DA:59,0
DA:63,0
DA:64,0
DA:69,0
DA:73,0
DA:74,0
DA:75,0
DA:76,0
DA:79,0
DA:82,0
DA:91,0
DA:94,0
DA:95,0
DA:96,0
DA:99,0
DA:100,0
DA:101,0
DA:104,0
DA:105,0
DA:106,0
DA:107,0
DA:113,0
DA:116,0
DA:118,0
DA:121,0
DA:122,0
DA:126,0
DA:129,0
DA:133,0
DA:136,0
DA:137,0
DA:138,0
DA:139,0
DA:140,0
DA:148,0
DA:150,0
DA:151,0
DA:152,0
DA:155,0
DA:156,0
DA:157,0
DA:160,0
DA:161,0
DA:162,0
DA:163,0
DA:169,0
DA:172,0
DA:174,0
DA:177,0
DA:178,0
DA:181,0
DA:183,0
DA:187,0
DA:188,0
DA:189,0
DA:192,0
DA:193,0
DA:196,0
DA:206,0
DA:239,0
DA:241,0
DA:286,0
DA:291,0
LF:77
LH:0
BRDA:51,0,0,0
BRDA:51,0,1,0
BRDA:54,1,0,0
BRDA:54,1,1,0
BRDA:69,2,0,0
BRDA:69,2,1,0
BRDA:99,3,0,0
BRDA:99,3,1,0
BRDA:99,4,0,0
BRDA:99,4,1,0
BRDA:101,5,0,0
BRDA:101,5,1,0
BRDA:101,6,0,0
BRDA:101,6,1,0
BRDA:106,7,0,0
BRDA:106,7,1,0
BRDA:109,8,0,0
BRDA:109,8,1,0
BRDA:109,8,2,0
BRDA:110,9,0,0
BRDA:110,9,1,0
BRDA:110,9,2,0
BRDA:155,10,0,0
BRDA:155,10,1,0
BRDA:155,11,0,0
BRDA:155,11,1,0
BRDA:157,12,0,0
BRDA:157,12,1,0
BRDA:157,13,0,0
BRDA:157,13,1,0
BRDA:162,14,0,0
BRDA:162,14,1,0
BRDA:165,15,0,0
BRDA:165,15,1,0
BRDA:165,15,2,0
BRDA:166,16,0,0
BRDA:166,16,1,0
BRDA:166,16,2,0
BRDA:254,17,0,0
BRDA:254,17,1,0
BRDA:260,18,0,0
BRDA:260,18,1,0
BRDA:274,19,0,0
BRDA:274,19,1,0
BRF:44
BRH:0
end_of_record
TN:
SF:app\login.tsx
FN:15,LoginScreen
FN:57,(anonymous_1)
FN:82,(anonymous_2)
FN:101,(anonymous_3)
FN:106,(anonymous_4)
FN:155,(anonymous_5)
FN:233,(anonymous_6)
FN:249,(anonymous_7)
FN:261,(anonymous_8)
FN:289,(anonymous_9)
FNF:10
FNH:0
FNDA:0,LoginScreen
FNDA:0,(anonymous_1)
FNDA:0,(anonymous_2)
FNDA:0,(anonymous_3)
FNDA:0,(anonymous_4)
FNDA:0,(anonymous_5)
FNDA:0,(anonymous_6)
FNDA:0,(anonymous_7)
FNDA:0,(anonymous_8)
FNDA:0,(anonymous_9)
DA:13,0
DA:16,0
DA:17,0
DA:18,0
DA:19,0
DA:20,0
DA:21,0
DA:22,0
DA:23,0
DA:24,0
DA:25,0
DA:28,0
DA:29,0
DA:32,0
DA:37,0
DA:55,0
DA:57,0
DA:58,0
DA:59,0
DA:61,0
DA:62,0
DA:64,0
DA:65,0
DA:66,0
DA:67,0
DA:69,0
DA:72,0
DA:74,0
DA:75,0
DA:77,0
DA:82,0
DA:83,0
DA:85,0
DA:86,0
DA:87,0
DA:88,0
DA:90,0
DA:91,0
DA:93,0
DA:94,0
DA:96,0
DA:97,0
DA:101,0
DA:102,0
DA:103,0
DA:106,0
DA:108,0
DA:109,0
DA:112,0
DA:113,0
DA:114,0
DA:115,0
DA:116,0
DA:117,0
DA:118,0
DA:121,0
DA:122,0
DA:123,0
DA:124,0
DA:125,0
DA:126,0
DA:129,0
DA:132,0
DA:133,0
DA:134,0
DA:136,0
DA:138,0
DA:140,0
DA:141,0
DA:143,0
DA:146,0
DA:148,0
DA:149,0
DA:151,0
DA:155,0
DA:156,0
DA:157,0
DA:159,0
DA:162,0
DA:164,0
DA:165,0
DA:166,0
DA:168,0
DA:169,0
DA:172,0
DA:174,0
DA:175,0
DA:176,0
DA:180,0
DA:234,0
DA:235,0
DA:250,0
DA:251,0
DA:261,0
DA:289,0
DA:309,0
LF:96
LH:0
BRDA:28,0,0,0
BRDA:28,0,1,0
BRDA:32,1,0,0
BRDA:32,1,1,0
BRDA:37,2,0,0
BRDA:37,2,1,0
BRDA:38,3,0,0
BRDA:38,3,1,0
BRDA:38,4,0,0
BRDA:38,4,1,0
BRDA:40,5,0,0
BRDA:40,5,1,0
BRDA:40,6,0,0
BRDA:40,6,1,0
BRDA:42,7,0,0
BRDA:42,7,1,0
BRDA:42,8,0,0
BRDA:42,8,1,0
BRDA:64,9,0,0
BRDA:64,9,1,0
BRDA:64,10,0,0
BRDA:64,10,1,0
BRDA:69,11,0,0
BRDA:69,11,1,0
BRDA:72,12,0,0
BRDA:72,12,1,0
BRDA:83,13,0,0
BRDA:83,13,1,0
BRDA:85,14,0,0
BRDA:85,14,1,0
BRDA:87,15,0,0
BRDA:87,15,1,0
BRDA:90,16,0,0
BRDA:90,16,1,0
BRDA:93,17,0,0
BRDA:93,17,1,0
BRDA:96,18,0,0
BRDA:96,18,1,0
BRDA:96,19,0,0
BRDA:96,19,1,0
BRDA:113,20,0,0
BRDA:113,20,1,0
BRDA:116,21,0,0
BRDA:116,21,1,0
BRDA:121,22,0,0
BRDA:121,22,1,0
BRDA:124,23,0,0
BRDA:124,23,1,0
BRDA:129,24,0,0
BRDA:129,24,1,0
BRDA:136,25,0,0
BRDA:136,25,1,0
BRDA:136,26,0,0
BRDA:136,26,1,0
BRDA:146,27,0,0
BRDA:146,27,1,0
BRDA:156,28,0,0
BRDA:156,28,1,0
BRDA:156,29,0,0
BRDA:156,29,1,0
BRDA:156,29,2,0
BRDA:157,30,0,0
BRDA:157,30,1,0
BRDA:168,31,0,0
BRDA:168,31,1,0
BRDA:168,32,0,0
BRDA:168,32,1,0
BRDA:172,33,0,0
BRDA:172,33,1,0
BRDA:176,34,0,0
BRDA:176,34,1,0
BRDA:183,35,0,0
BRDA:183,35,1,0
BRDA:205,36,0,0
BRDA:205,36,1,0
BRDA:213,37,0,0
BRDA:213,37,1,0
BRDA:216,38,0,0
BRDA:216,38,1,0
BRDA:235,39,0,0
BRDA:235,39,1,0
BRDA:251,40,0,0
BRDA:251,40,1,0
BRDA:259,41,0,0
BRDA:259,41,1,0
BRDA:280,42,0,0
BRDA:280,42,1,0
BRDA:282,43,0,0
BRDA:282,43,1,0
BRF:89
BRH:0
end_of_record
TN:
SF:app\logs.tsx
FN:81,LogsScreen
FN:88,(anonymous_1)
FN:98,(anonymous_2)
FN:108,(anonymous_3)
FN:115,(anonymous_4)
FN:119,(anonymous_5)
FN:136,(anonymous_6)
FN:173,(anonymous_7)
FN:177,(anonymous_8)
FN:182,(anonymous_9)
FN:220,(anonymous_10)
FNF:11
FNH:0
FNDA:0,LogsScreen
FNDA:0,(anonymous_1)
FNDA:0,(anonymous_2)
FNDA:0,(anonymous_3)
FNDA:0,(anonymous_4)
FNDA:0,(anonymous_5)
FNDA:0,(anonymous_6)
FNDA:0,(anonymous_7)
FNDA:0,(anonymous_8)
FNDA:0,(anonymous_9)
FNDA:0,(anonymous_10)
DA:17,0
DA:82,0
DA:83,0
DA:84,0
DA:85,0
DA:86,0
DA:88,0
DA:89,0
DA:90,0
DA:91,0
DA:92,0
DA:93,0
DA:94,0
DA:98,0
DA:99,0
DA:100,0
DA:101,0
DA:102,0
DA:103,0
DA:104,0
DA:108,0
DA:109,0
DA:111,0
DA:112,0
DA:115,0
DA:116,0
DA:119,0
DA:121,0
DA:124,0
DA:126,0
DA:136,0
DA:173,0
DA:178,0
DA:182,0
DA:221,0
DA:257,0
LF:36
LH:0
BRDA:89,0,0,0
BRDA:89,0,1,0
BRDA:89,0,2,0
BRDA:89,0,3,0
BRDA:89,0,4,0
BRDA:99,1,0,0
BRDA:99,1,1,0
BRDA:99,1,2,0
BRDA:99,1,3,0
BRDA:99,1,4,0
BRDA:109,2,0,0
BRDA:109,2,1,0
BRDA:111,3,0,0
BRDA:111,3,1,0
BRDA:112,4,0,0
BRDA:112,4,1,0
BRDA:171,5,0,0
BRDA:171,5,1,0
BRDA:180,6,0,0
BRDA:180,6,1,0
BRDA:182,7,0,0
BRDA:182,7,1,0
BRDA:214,8,0,0
BRDA:214,8,1,0
BRDA:242,9,0,0
BRDA:242,9,1,0
BRF:26
BRH:0
end_of_record
TN:
SF:app\news.tsx
FN:24,NewsScreen
FN:33,(anonymous_1)
FN:39,(anonymous_2)
FN:40,(anonymous_3)
FN:41,(anonymous_4)
FN:45,(anonymous_5)
FN:52,(anonymous_6)
FN:68,(anonymous_7)
FN:85,(anonymous_8)
FN:100,(anonymous_9)
FN:106,(anonymous_10)
FN:110,(anonymous_11)
FN:117,(anonymous_12)
FN:134,(anonymous_13)
FN:165,(anonymous_14)
FN:173,(anonymous_15)
FN:181,(anonymous_16)
FN:189,(anonymous_17)
FN:205,(anonymous_18)
FN:206,(anonymous_19)
FN:209,(anonymous_20)
FN:292,(anonymous_21)
FNF:22
FNH:0
FNDA:0,NewsScreen
FNDA:0,(anonymous_1)
FNDA:0,(anonymous_2)
FNDA:0,(anonymous_3)
FNDA:0,(anonymous_4)
FNDA:0,(anonymous_5)
FNDA:0,(anonymous_6)
FNDA:0,(anonymous_7)
FNDA:0,(anonymous_8)
FNDA:0,(anonymous_9)
FNDA:0,(anonymous_10)
FNDA:0,(anonymous_11)
FNDA:0,(anonymous_12)
FNDA:0,(anonymous_13)
FNDA:0,(anonymous_14)
FNDA:0,(anonymous_15)
FNDA:0,(anonymous_16)
FNDA:0,(anonymous_17)
FNDA:0,(anonymous_18)
FNDA:0,(anonymous_19)
FNDA:0,(anonymous_20)
FNDA:0,(anonymous_21)
DA:25,0
DA:26,0
DA:27,0
DA:28,0
DA:29,0
DA:30,0
DA:33,0
DA:34,0
DA:35,0
DA:38,0
DA:39,0
DA:40,0
DA:41,0
DA:45,0
DA:52,0
DA:68,0
DA:84,0
DA:86,0
DA:87,0
DA:88,0
DA:91,0
DA:93,0
DA:95,0
DA:100,0
DA:101,0
DA:102,0
DA:103,0
DA:106,0
DA:107,0
DA:110,0
DA:111,0
DA:117,0
DA:118,0
DA:124,0
DA:134,0
DA:165,0
DA:173,0
DA:181,0
DA:189,0
DA:205,0
DA:207,0
DA:211,0
DA:292,0
DA:297,0
LF:44
LH:0
BRDA:45,0,0,0
BRDA:45,0,1,0
BRDA:52,1,0,0
BRDA:52,1,1,0
BRDA:52,1,2,0
BRDA:53,2,0,0
BRDA:53,2,1,0
BRDA:54,3,0,0
BRDA:54,3,1,0
BRDA:54,3,2,0
BRDA:55,4,0,0
BRDA:55,4,1,0
BRDA:55,4,2,0
BRDA:56,5,0,0
BRDA:56,5,1,0
BRDA:56,5,2,0
BRDA:57,6,0,0
BRDA:57,6,1,0
BRDA:58,7,0,0
BRDA:58,7,1,0
BRDA:58,7,2,0
BRDA:59,8,0,0
BRDA:59,8,1,0
BRDA:60,9,0,0
BRDA:60,9,1,0
BRDA:61,10,0,0
BRDA:61,10,1,0
BRDA:62,11,0,0
BRDA:62,11,1,0
BRDA:64,12,0,0
BRDA:64,12,1,0
BRDA:64,12,2,0
BRDA:68,13,0,0
BRDA:68,13,1,0
BRDA:68,13,2,0
BRDA:69,14,0,0
BRDA:69,14,1,0
BRDA:70,15,0,0
BRDA:70,15,1,0
BRDA:70,15,2,0
BRDA:71,16,0,0
BRDA:71,16,1,0
BRDA:71,16,2,0
BRDA:72,17,0,0
BRDA:72,17,1,0
BRDA:72,17,2,0
BRDA:73,18,0,0
BRDA:73,18,1,0
BRDA:74,19,0,0
BRDA:74,19,1,0
BRDA:74,19,2,0
BRDA:75,20,0,0
BRDA:75,20,1,0
BRDA:77,21,0,0
BRDA:77,21,1,0
BRDA:78,22,0,0
BRDA:78,22,1,0
BRDA:80,23,0,0
BRDA:80,23,1,0
BRDA:80,23,2,0
BRDA:86,24,0,0
BRDA:86,24,1,0
BRDA:87,25,0,0
BRDA:87,25,1,0
BRDA:163,26,0,0
BRDA:163,26,1,0
BRDA:171,27,0,0
BRDA:171,27,1,0
BRDA:179,28,0,0
BRDA:179,28,1,0
BRDA:187,29,0,0
BRDA:187,29,1,0
BRDA:197,30,0,0
BRDA:197,30,1,0
BRDA:205,31,0,0
BRDA:205,31,1,0
BRDA:219,32,0,0
BRDA:219,32,1,0
BRDA:219,32,2,0
BRDA:225,33,0,0
BRDA:225,33,1,0
BRDA:227,34,0,0
BRDA:227,34,1,0
BRDA:241,35,0,0
BRDA:241,35,1,0
BRDA:268,36,0,0
BRDA:268,36,1,0
BRDA:268,36,2,0
BRF:88
BRH:0
end_of_record
TN:
SF:app\notifications.tsx
FN:18,NotificationsScreen
FN:27,(anonymous_1)
FN:43,(anonymous_2)
FN:49,(anonymous_3)
FN:61,(anonymous_4)
FN:71,(anonymous_5)
FN:81,(anonymous_6)
FN:85,(anonymous_7)
FN:85,(anonymous_8)
FN:97,(anonymous_9)
FN:98,(anonymous_10)
FN:117,(anonymous_11)
FN:121,(anonymous_12)
FN:126,(anonymous_13)
FN:132,(anonymous_14)
FN:142,(anonymous_15)
FN:162,(anonymous_16)
FN:207,(anonymous_17)
FN:210,(anonymous_18)
FNF:19
FNH:0
FNDA:0,NotificationsScreen
FNDA:0,(anonymous_1)
FNDA:0,(anonymous_2)
FNDA:0,(anonymous_3)
FNDA:0,(anonymous_4)
FNDA:0,(anonymous_5)
FNDA:0,(anonymous_6)
FNDA:0,(anonymous_7)
FNDA:0,(anonymous_8)
FNDA:0,(anonymous_9)
FNDA:0,(anonymous_10)
FNDA:0,(anonymous_11)
FNDA:0,(anonymous_12)
FNDA:0,(anonymous_13)
FNDA:0,(anonymous_14)
FNDA:0,(anonymous_15)
FNDA:0,(anonymous_16)
FNDA:0,(anonymous_17)
FNDA:0,(anonymous_18)
DA:19,0
DA:20,0
DA:21,0
DA:22,0
DA:23,0
DA:24,0
DA:27,0
DA:28,0
DA:29,0
DA:30,0
DA:31,0
DA:32,0
DA:33,0
DA:35,0
DA:36,0
DA:37,0
DA:38,0
DA:39,0
DA:43,0
DA:44,0
DA:45,0
DA:46,0
DA:49,0
DA:58,0
DA:61,0
DA:62,0
DA:64,0
DA:66,0
DA:71,0
DA:72,0
DA:73,0
DA:74,0
DA:76,0
DA:81,0
DA:82,0
DA:83,0
DA:85,0
DA:86,0
DA:89,0
DA:90,0
DA:92,0
DA:97,0
DA:98,0
DA:99,0
DA:100,0
DA:101,0
DA:102,0
DA:104,0
DA:107,0
DA:112,0
DA:115,0
DA:117,0
DA:121,0
DA:122,0
DA:126,0
DA:127,0
DA:128,0
DA:129,0
DA:132,0
DA:133,0
DA:134,0
DA:135,0
DA:136,0
DA:137,0
DA:138,0
DA:142,0
DA:143,0
DA:144,0
DA:145,0
DA:146,0
DA:147,0
DA:148,0
DA:152,0
DA:162,0
DA:208,0
DA:210,0
DA:260,0
LF:77
LH:0
BRDA:28,0,0,0
BRDA:28,0,1,0
BRDA:35,1,0,0
BRDA:35,1,1,0
BRDA:36,2,0,0
BRDA:36,2,1,0
BRDA:37,3,0,0
BRDA:37,3,1,0
BRDA:37,4,0,0
BRDA:37,4,1,0
BRDA:38,5,0,0
BRDA:38,5,1,0
BRDA:38,6,0,0
BRDA:38,6,1,0
BRDA:49,7,0,0
BRDA:49,7,1,0
BRDA:49,7,2,0
BRDA:50,8,0,0
BRDA:50,8,1,0
BRDA:50,8,2,0
BRDA:51,9,0,0
BRDA:51,9,1,0
BRDA:51,9,2,0
BRDA:52,10,0,0
BRDA:52,10,1,0
BRDA:52,10,2,0
BRDA:53,11,0,0
BRDA:53,11,1,0
BRDA:53,11,2,0
BRDA:53,11,3,0
BRDA:54,12,0,0
BRDA:54,12,1,0
BRDA:54,12,2,0
BRDA:54,12,3,0
BRDA:55,13,0,0
BRDA:55,13,1,0
BRDA:55,13,2,0
BRDA:55,13,3,0
BRDA:86,14,0,0
BRDA:86,14,1,0
BRDA:90,15,0,0
BRDA:90,15,1,0
BRDA:90,15,2,0
BRDA:101,16,0,0
BRDA:101,16,1,0
BRDA:101,16,2,0
BRDA:102,17,0,0
BRDA:102,17,1,0
BRDA:133,18,0,0
BRDA:133,18,1,0
BRDA:133,18,2,0
BRDA:133,18,3,0
BRDA:133,18,4,0
BRDA:143,19,0,0
BRDA:143,19,1,0
BRDA:143,19,2,0
BRDA:143,19,3,0
BRDA:143,19,4,0
BRDA:190,20,0,0
BRDA:190,20,1,0
BRDA:194,21,0,0
BRDA:194,21,1,0
BRDA:215,22,0,0
BRDA:215,22,1,0
BRDA:226,23,0,0
BRDA:226,23,1,0
BRDA:243,24,0,0
BRDA:243,24,1,0
BRF:68
BRH:0
end_of_record
TN:
SF:app\onboarding.tsx
FN:20,(anonymous_0)
FN:37,OnboardingScreen
FN:71,(anonymous_2)
FN:78,(anonymous_3)
FN:80,(anonymous_4)
FN:87,(anonymous_5)
FN:109,(anonymous_6)
FN:131,(anonymous_7)
FN:153,(anonymous_8)
FN:156,(anonymous_9)
FN:165,(anonymous_10)
FN:172,(anonymous_11)
FN:178,(anonymous_12)
FN:192,(anonymous_13)
FN:206,(anonymous_14)
FN:219,(anonymous_15)
FN:223,(anonymous_16)
FN:280,(anonymous_17)
FN:327,(anonymous_18)
FN:426,(anonymous_19)
FN:431,(anonymous_20)
FN:444,(anonymous_21)
FN:449,(anonymous_22)
FN:537,(anonymous_23)
FN:542,(anonymous_24)
FN:585,(anonymous_25)
FNF:26
FNH:0
FNDA:0,(anonymous_0)
FNDA:0,OnboardingScreen
FNDA:0,(anonymous_2)
FNDA:0,(anonymous_3)
FNDA:0,(anonymous_4)
FNDA:0,(anonymous_5)
FNDA:0,(anonymous_6)
FNDA:0,(anonymous_7)
FNDA:0,(anonymous_8)
FNDA:0,(anonymous_9)
FNDA:0,(anonymous_10)
FNDA:0,(anonymous_11)
FNDA:0,(anonymous_12)
FNDA:0,(anonymous_13)
FNDA:0,(anonymous_14)
FNDA:0,(anonymous_15)
FNDA:0,(anonymous_16)
FNDA:0,(anonymous_17)
FNDA:0,(anonymous_18)
FNDA:0,(anonymous_19)
FNDA:0,(anonymous_20)
FNDA:0,(anonymous_21)
FNDA:0,(anonymous_22)
FNDA:0,(anonymous_23)
FNDA:0,(anonymous_24)
FNDA:0,(anonymous_25)
DA:17,0
DA:20,0
DA:21,0
DA:23,0
DA:25,0
DA:27,0
DA:29,0
DA:31,0
DA:33,0
DA:38,0
DA:39,0
DA:40,0
DA:59,0
DA:61,0
DA:62,0
DA:63,0
DA:64,0
DA:65,0
DA:66,0
DA:67,0
DA:68,0
DA:71,0
DA:72,0
DA:73,0
DA:78,0
DA:79,0
DA:80,0
DA:81,0
DA:87,0
DA:88,0
DA:89,0
DA:104,0
DA:109,0
DA:110,0
DA:111,0
DA:126,0
DA:131,0
DA:132,0
DA:133,0
DA:136,0
DA:153,0
DA:154,0
DA:155,0
DA:156,0
DA:158,0
DA:160,0
DA:161,0
DA:165,0
DA:166,0
DA:167,0
DA:168,0
DA:172,0
DA:173,0
DA:174,0
DA:175,0
DA:178,0
DA:180,0
DA:189,0
DA:192,0
DA:194,0
DA:203,0
DA:206,0
DA:207,0
DA:209,0
DA:212,0
DA:214,0
DA:215,0
DA:219,0
DA:220,0
DA:223,0
DA:224,0
DA:228,0
DA:233,0
DA:234,0
DA:266,0
DA:267,0
DA:268,0
DA:281,0
DA:282,0
DA:293,0
DA:328,0
DA:427,0
DA:431,0
DA:445,0
DA:449,0
DA:538,0
DA:542,0
DA:586,0
DA:587,0
DA:713,0
LF:90
LH:0
BRDA:21,0,0,0
BRDA:21,0,1,0
BRDA:21,0,2,0
BRDA:21,0,3,0
BRDA:21,0,4,0
BRDA:21,0,5,0
BRDA:72,1,0,0
BRDA:72,1,1,0
BRDA:72,2,0,0
BRDA:72,2,1,0
BRDA:79,3,0,0
BRDA:79,3,1,0
BRDA:88,4,0,0
BRDA:88,4,1,0
BRDA:110,5,0,0
BRDA:110,5,1,0
BRDA:132,6,0,0
BRDA:132,6,1,0
BRDA:154,7,0,0
BRDA:154,7,1,0
BRDA:155,8,0,0
BRDA:155,8,1,0
BRDA:166,9,0,0
BRDA:166,9,1,0
BRDA:173,10,0,0
BRDA:173,10,1,0
BRDA:228,11,0,0
BRDA:228,11,1,0
BRDA:233,12,0,0
BRDA:233,12,1,0
BRDA:233,13,0,0
BRDA:233,13,1,0
BRDA:258,14,0,0
BRDA:258,14,1,0
BRDA:258,15,0,0
BRDA:258,15,1,0
BRDA:266,16,0,0
BRDA:266,16,1,0
BRDA:266,17,0,0
BRDA:266,17,1,0
BRDA:266,17,2,0
BRDA:296,18,0,0
BRDA:296,18,1,0
BRDA:311,19,0,0
BRDA:311,19,1,0
BRDA:329,20,0,0
BRDA:329,20,1,0
BRDA:356,21,0,0
BRDA:356,21,1,0
BRDA:421,22,0,0
BRDA:421,22,1,0
BRDA:421,22,2,0
BRDA:424,23,0,0
BRDA:424,23,1,0
BRDA:424,23,2,0
BRDA:442,24,0,0
BRDA:442,24,1,0
BRDA:442,24,2,0
BRDA:447,25,0,0
BRDA:447,25,1,0
BRDA:456,26,0,0
BRDA:456,26,1,0
BRDA:471,27,0,0
BRDA:471,27,1,0
BRDA:496,28,0,0
BRDA:496,28,1,0
BRDA:507,29,0,0
BRDA:507,29,1,0
BRDA:522,30,0,0
BRDA:522,30,1,0
BRDA:570,31,0,0
BRDA:570,31,1,0
BRDA:573,32,0,0
BRDA:573,32,1,0
BRDA:680,33,0,0
BRDA:680,33,1,0
BRDA:680,33,2,0
BRDA:688,34,0,0
BRDA:688,34,1,0
BRF:79
BRH:0
end_of_record
TN:
SF:app\personalized-recommendations.tsx
FN:16,PersonalizedRecommendationsScreen
FN:27,(anonymous_1)
FN:31,(anonymous_2)
FN:47,(anonymous_3)
FN:54,(anonymous_4)
FN:64,(anonymous_5)
FN:74,(anonymous_6)
FN:82,(anonymous_7)
FN:145,(anonymous_8)
FN:153,(anonymous_9)
FN:162,(anonymous_10)
FN:170,(anonymous_11)
FN:215,(anonymous_12)
FN:227,(anonymous_13)
FN:235,(anonymous_14)
FN:244,(anonymous_15)
FN:252,(anonymous_16)
FN:283,(anonymous_17)
FN:298,(anonymous_18)
FN:310,(anonymous_19)
FN:318,(anonymous_20)
FN:352,(anonymous_21)
FN:396,(anonymous_22)
FN:416,(anonymous_23)
FN:436,(anonymous_24)
FN:477,(anonymous_25)
FNF:26
FNH:0
FNDA:0,PersonalizedRecommendationsScreen
FNDA:0,(anonymous_1)
FNDA:0,(anonymous_2)
FNDA:0,(anonymous_3)
FNDA:0,(anonymous_4)
FNDA:0,(anonymous_5)
FNDA:0,(anonymous_6)
FNDA:0,(anonymous_7)
FNDA:0,(anonymous_8)
FNDA:0,(anonymous_9)
FNDA:0,(anonymous_10)
FNDA:0,(anonymous_11)
FNDA:0,(anonymous_12)
FNDA:0,(anonymous_13)
FNDA:0,(anonymous_14)
FNDA:0,(anonymous_15)
FNDA:0,(anonymous_16)
FNDA:0,(anonymous_17)
FNDA:0,(anonymous_18)
FNDA:0,(anonymous_19)
FNDA:0,(anonymous_20)
FNDA:0,(anonymous_21)
FNDA:0,(anonymous_22)
FNDA:0,(anonymous_23)
FNDA:0,(anonymous_24)
FNDA:0,(anonymous_25)
DA:17,0
DA:18,0
DA:19,0
DA:21,0
DA:22,0
DA:23,0
DA:24,0
DA:27,0
DA:28,0
DA:31,0
DA:32,0
DA:33,0
DA:34,0
DA:38,0
DA:39,0
DA:41,0
DA:43,0
DA:47,0
DA:48,0
DA:49,0
DA:50,0
DA:54,0
DA:55,0
DA:56,0
DA:57,0
DA:58,0
DA:59,0
DA:60,0
DA:64,0
DA:65,0
DA:66,0
DA:67,0
DA:68,0
DA:69,0
DA:70,0
DA:74,0
DA:75,0
DA:83,0
DA:84,0
DA:85,0
DA:145,0
DA:153,0
DA:162,0
DA:163,0
DA:171,0
DA:172,0
DA:173,0
DA:216,0
DA:227,0
DA:235,0
DA:244,0
DA:245,0
DA:253,0
DA:254,0
DA:255,0
DA:284,0
DA:285,0
DA:286,0
DA:299,0
DA:310,0
DA:318,0
DA:327,0
DA:328,0
DA:342,0
DA:352,0
DA:396,0
DA:416,0
DA:436,0
DA:477,0
DA:482,0
LF:70
LH:0
BRDA:55,0,0,0
BRDA:55,0,1,0
BRDA:55,0,2,0
BRDA:55,0,3,0
BRDA:55,0,4,0
BRDA:65,1,0,0
BRDA:65,1,1,0
BRDA:65,1,2,0
BRDA:65,1,3,0
BRDA:65,1,4,0
BRDA:83,2,0,0
BRDA:83,2,1,0
BRDA:84,3,0,0
BRDA:84,3,1,0
BRDA:132,4,0,0
BRDA:132,4,1,0
BRDA:133,5,0,0
BRDA:133,5,1,0
BRDA:171,6,0,0
BRDA:171,6,1,0
BRDA:172,7,0,0
BRDA:172,7,1,0
BRDA:253,8,0,0
BRDA:253,8,1,0
BRDA:254,9,0,0
BRDA:254,9,1,0
BRDA:284,10,0,0
BRDA:284,10,1,0
BRDA:285,11,0,0
BRDA:285,11,1,0
BRDA:327,12,0,0
BRDA:327,12,1,0
BRDA:399,13,0,0
BRDA:399,13,1,0
BRDA:405,14,0,0
BRDA:405,14,1,0
BRDA:410,15,0,0
BRDA:410,15,1,0
BRDA:419,16,0,0
BRDA:419,16,1,0
BRDA:425,17,0,0
BRDA:425,17,1,0
BRDA:430,18,0,0
BRDA:430,18,1,0
BRDA:439,19,0,0
BRDA:439,19,1,0
BRDA:445,20,0,0
BRDA:445,20,1,0
BRDA:450,21,0,0
BRDA:450,21,1,0
BRDA:458,22,0,0
BRDA:458,22,1,0
BRDA:459,23,0,0
BRDA:459,23,1,0
BRDA:460,24,0,0
BRDA:460,24,1,0
BRDA:463,25,0,0
BRDA:463,25,1,0
BRF:58
BRH:0
end_of_record
TN:
SF:app\portfolio-builder.tsx
FN:44,PortfolioBuilderScreen
FN:69,(anonymous_1)
FN:77,(anonymous_2)
FN:87,(anonymous_3)
FN:98,(anonymous_4)
FN:106,(anonymous_5)
FN:108,(anonymous_6)
FN:121,(anonymous_7)
FN:146,(anonymous_8)
FN:157,(anonymous_9)
FN:169,(anonymous_10)
FN:179,(anonymous_11)
FN:187,(anonymous_12)
FN:208,(anonymous_13)
FN:231,(anonymous_14)
FN:240,(anonymous_15)
FN:253,(anonymous_16)
FN:254,(anonymous_17)
FN:255,(anonymous_18)
FN:255,(anonymous_19)
FN:256,(anonymous_20)
FN:262,(anonymous_21)
FN:266,(anonymous_22)
FN:267,(anonymous_23)
FN:269,(anonymous_24)
FN:275,(anonymous_25)
FN:281,(anonymous_26)
FN:289,(anonymous_27)
FN:295,(anonymous_28)
FN:309,(anonymous_29)
FN:320,(anonymous_30)
FN:350,(anonymous_31)
FN:363,(anonymous_32)
FN:366,(anonymous_33)
FN:391,(anonymous_34)
FN:413,(anonymous_35)
FN:451,(anonymous_36)
FN:459,(anonymous_37)
FN:462,(anonymous_38)
FN:511,(anonymous_39)
FN:562,(anonymous_40)
FN:615,(anonymous_41)
FN:621,(anonymous_42)
FN:632,(anonymous_43)
FN:685,(anonymous_44)
FN:688,(anonymous_45)
FN:721,(anonymous_46)
FN:724,(anonymous_47)
FN:739,(anonymous_48)
FN:740,(anonymous_49)
FN:744,(anonymous_50)
FN:776,(anonymous_51)
FN:801,(anonymous_52)
FN:833,(anonymous_53)
FN:851,(anonymous_54)
FN:925,(anonymous_55)
FN:936,(anonymous_56)
FN:949,(anonymous_57)
FNF:58
FNH:0
FNDA:0,PortfolioBuilderScreen
FNDA:0,(anonymous_1)
FNDA:0,(anonymous_2)
FNDA:0,(anonymous_3)
FNDA:0,(anonymous_4)
FNDA:0,(anonymous_5)
FNDA:0,(anonymous_6)
FNDA:0,(anonymous_7)
FNDA:0,(anonymous_8)
FNDA:0,(anonymous_9)
FNDA:0,(anonymous_10)
FNDA:0,(anonymous_11)
FNDA:0,(anonymous_12)
FNDA:0,(anonymous_13)
FNDA:0,(anonymous_14)
FNDA:0,(anonymous_15)
FNDA:0,(anonymous_16)
FNDA:0,(anonymous_17)
FNDA:0,(anonymous_18)
FNDA:0,(anonymous_19)
FNDA:0,(anonymous_20)
FNDA:0,(anonymous_21)
FNDA:0,(anonymous_22)
FNDA:0,(anonymous_23)
FNDA:0,(anonymous_24)
FNDA:0,(anonymous_25)
FNDA:0,(anonymous_26)
FNDA:0,(anonymous_27)
FNDA:0,(anonymous_28)
FNDA:0,(anonymous_29)
FNDA:0,(anonymous_30)
FNDA:0,(anonymous_31)
FNDA:0,(anonymous_32)
FNDA:0,(anonymous_33)
FNDA:0,(anonymous_34)
FNDA:0,(anonymous_35)
FNDA:0,(anonymous_36)
FNDA:0,(anonymous_37)
FNDA:0,(anonymous_38)
FNDA:0,(anonymous_39)
FNDA:0,(anonymous_40)
FNDA:0,(anonymous_41)
FNDA:0,(anonymous_42)
FNDA:0,(anonymous_43)
FNDA:0,(anonymous_44)
FNDA:0,(anonymous_45)
FNDA:0,(anonymous_46)
FNDA:0,(anonymous_47)
FNDA:0,(anonymous_48)
FNDA:0,(anonymous_49)
FNDA:0,(anonymous_50)
FNDA:0,(anonymous_51)
FNDA:0,(anonymous_52)
FNDA:0,(anonymous_53)
FNDA:0,(anonymous_54)
FNDA:0,(anonymous_55)
FNDA:0,(anonymous_56)
FNDA:0,(anonymous_57)
DA:45,0
DA:46,0
DA:47,0
DA:50,0
DA:51,0
DA:52,0
DA:53,0
DA:54,0
DA:55,0
DA:56,0
DA:57,0
DA:58,0
DA:59,0
DA:60,0
DA:61,0
DA:62,0
DA:63,0
DA:64,0
DA:65,0
DA:66,0
DA:69,0
DA:70,0
DA:71,0
DA:72,0
DA:73,0
DA:74,0
DA:77,0
DA:78,0
DA:79,0
DA:80,0
DA:82,0
DA:83,0
DA:87,0
DA:88,0
DA:89,0
DA:90,0
DA:92,0
DA:93,0
DA:98,0
DA:99,0
DA:100,0
DA:101,0
DA:102,0
DA:106,0
DA:107,0
DA:108,0
DA:109,0
DA:110,0
DA:111,0
DA:113,0
DA:114,0
DA:117,0
DA:121,0
DA:122,0
DA:123,0
DA:124,0
DA:126,0
DA:127,0
DA:134,0
DA:136,0
DA:139,0
DA:140,0
DA:142,0
DA:146,0
DA:147,0
DA:148,0
DA:151,0
DA:153,0
DA:157,0
DA:158,0
DA:159,0
DA:163,0
DA:165,0
DA:169,0
DA:170,0
DA:171,0
DA:172,0
DA:173,0
DA:174,0
DA:175,0
DA:176,0
DA:179,0
DA:180,0
DA:181,0
DA:182,0
DA:183,0
DA:184,0
DA:187,0
DA:188,0
DA:189,0
DA:190,0
DA:193,0
DA:194,0
DA:195,0
DA:198,0
DA:199,0
DA:200,0
DA:203,0
DA:204,0
DA:208,0
DA:217,0
DA:218,0
DA:220,0
DA:223,0
DA:224,0
DA:225,0
DA:227,0
DA:231,0
DA:232,0
DA:241,0
DA:242,0
DA:243,0
DA:245,0
DA:253,0
DA:254,0
DA:255,0
DA:256,0
DA:257,0
DA:258,0
DA:259,0
DA:262,0
DA:266,0
DA:267,0
DA:268,0
DA:269,0
DA:270,0
DA:271,0
DA:275,0
DA:276,0
DA:278,0
DA:279,0
DA:281,0
DA:282,0
DA:285,0
DA:286,0
DA:289,0
DA:290,0
DA:291,0
DA:292,0
DA:295,0
DA:305,0
DA:308,0
DA:309,0
DA:310,0
DA:313,0
DA:314,0
DA:315,0
DA:317,0
DA:320,0
DA:321,0
DA:350,0
DA:364,0
DA:366,0
DA:391,0
DA:413,0
DA:452,0
DA:459,0
DA:462,0
DA:512,0
DA:563,0
DA:615,0
DA:621,0
DA:632,0
DA:633,0
DA:686,0
DA:688,0
DA:722,0
DA:724,0
DA:740,0
DA:741,0
DA:744,0
DA:776,0
DA:802,0
DA:833,0
DA:851,0
DA:852,0
DA:915,0
DA:925,0
DA:936,0
DA:949,0
DA:954,0
LF:181
LH:0
BRDA:80,0,0,0
BRDA:80,0,1,0
BRDA:90,1,0,0
BRDA:90,1,1,0
BRDA:100,2,0,0
BRDA:100,2,1,0
BRDA:101,3,0,0
BRDA:101,3,1,0
BRDA:102,4,0,0
BRDA:102,4,1,0
BRDA:102,5,0,0
BRDA:102,5,1,0
BRDA:107,6,0,0
BRDA:107,6,1,0
BRDA:107,7,0,0
BRDA:107,7,1,0
BRDA:126,8,0,0
BRDA:126,8,1,0
BRDA:126,9,0,0
BRDA:126,9,1,0
BRDA:128,10,0,0
BRDA:128,10,1,0
BRDA:129,11,0,0
BRDA:129,11,1,0
BRDA:130,12,0,0
BRDA:130,12,1,0
BRDA:131,13,0,0
BRDA:131,13,1,0
BRDA:132,14,0,0
BRDA:132,14,1,0
BRDA:149,15,0,0
BRDA:149,15,1,0
BRDA:182,16,0,0
BRDA:182,16,1,0
BRDA:188,17,0,0
BRDA:188,17,1,0
BRDA:193,18,0,0
BRDA:193,18,1,0
BRDA:198,19,0,0
BRDA:198,19,1,0
BRDA:210,20,0,0
BRDA:210,20,1,0
BRDA:211,21,0,0
BRDA:211,21,1,0
BRDA:217,22,0,0
BRDA:217,22,1,0
BRDA:227,23,0,0
BRDA:227,23,1,0
BRDA:245,24,0,0
BRDA:245,24,1,0
BRDA:254,25,0,0
BRDA:254,25,1,0
BRDA:276,26,0,0
BRDA:276,26,1,0
BRDA:343,27,0,0
BRDA:343,27,1,0
BRDA:352,28,0,0
BRDA:352,28,1,0
BRDA:361,29,0,0
BRDA:361,29,1,0
BRDA:430,30,0,0
BRDA:430,30,1,0
BRDA:472,31,0,0
BRDA:472,31,1,0
BRDA:473,32,0,0
BRDA:473,32,1,0
BRDA:501,33,0,0
BRDA:501,33,1,0
BRDA:505,34,0,0
BRDA:505,34,1,0
BRDA:512,35,0,0
BRDA:512,35,1,0
BRDA:520,36,0,0
BRDA:520,36,1,0
BRDA:524,37,0,0
BRDA:524,37,1,0
BRDA:531,38,0,0
BRDA:531,38,1,0
BRDA:532,39,0,0
BRDA:532,39,1,0
BRDA:534,40,0,0
BRDA:534,40,1,0
BRDA:551,41,0,0
BRDA:551,41,1,0
BRDA:555,42,0,0
BRDA:555,42,1,0
BRDA:563,43,0,0
BRDA:563,43,1,0
BRDA:571,44,0,0
BRDA:571,44,1,0
BRDA:582,45,0,0
BRDA:582,45,1,0
BRDA:584,46,0,0
BRDA:584,46,1,0
BRDA:590,47,0,0
BRDA:590,47,1,0
BRDA:591,48,0,0
BRDA:591,48,1,0
BRDA:603,49,0,0
BRDA:603,49,1,0
BRDA:645,50,0,0
BRDA:645,50,1,0
BRDA:648,51,0,0
BRDA:648,51,1,0
BRDA:691,52,0,0
BRDA:691,52,1,0
BRDA:701,53,0,0
BRDA:701,53,1,0
BRDA:705,54,0,0
BRDA:705,54,1,0
BRDA:706,55,0,0
BRDA:706,55,1,0
BRDA:727,56,0,0
BRDA:727,56,1,0
BRDA:730,57,0,0
BRDA:730,57,1,0
BRDA:747,58,0,0
BRDA:747,58,1,0
BRDA:759,59,0,0
BRDA:759,59,1,0
BRDA:772,60,0,0
BRDA:772,60,1,0
BRDA:783,61,0,0
BRDA:783,61,1,0
BRDA:809,62,0,0
BRDA:809,62,1,0
BRDA:819,63,0,0
BRDA:819,63,1,0
BRDA:842,64,0,0
BRDA:842,64,1,0
BRDA:845,65,0,0
BRDA:845,65,1,0
BRDA:872,66,0,0
BRDA:872,66,1,0
BRDA:879,67,0,0
BRDA:879,67,1,0
BRDA:885,68,0,0
BRDA:885,68,1,0
BRDA:899,69,0,0
BRDA:899,69,1,0
BRDA:929,70,0,0
BRDA:929,70,1,0
BRDA:930,71,0,0
BRDA:930,71,1,0
BRDA:931,72,0,0
BRDA:931,72,1,0
BRDA:935,73,0,0
BRDA:935,73,1,0
BRDA:944,74,0,0
BRDA:944,74,1,0
BRDA:945,75,0,0
BRDA:945,75,1,0
BRDA:945,75,2,0
BRDA:946,76,0,0
BRDA:946,76,1,0
BRF:155
BRH:0
end_of_record
TN:
SF:app\risk-assessment.tsx
FN:109,RiskAssessmentScreen
FN:122,(anonymous_1)
FN:129,(anonymous_2)
FN:141,(anonymous_3)
FN:149,(anonymous_4)
FN:155,(anonymous_5)
FN:160,(anonymous_6)
FN:166,(anonymous_7)
FN:213,(anonymous_8)
FN:223,(anonymous_9)
FN:245,(anonymous_10)
FN:330,(anonymous_11)
FN:345,(anonymous_12)
FN:353,(anonymous_13)
FN:375,(anonymous_14)
FN:411,(anonymous_15)
FN:416,(anonymous_16)
FNF:17
FNH:0
FNDA:0,RiskAssessmentScreen
FNDA:0,(anonymous_1)
FNDA:0,(anonymous_2)
FNDA:0,(anonymous_3)
FNDA:0,(anonymous_4)
FNDA:0,(anonymous_5)
FNDA:0,(anonymous_6)
FNDA:0,(anonymous_7)
FNDA:0,(anonymous_8)
FNDA:0,(anonymous_9)
FNDA:0,(anonymous_10)
FNDA:0,(anonymous_11)
FNDA:0,(anonymous_12)
FNDA:0,(anonymous_13)
FNDA:0,(anonymous_14)
FNDA:0,(anonymous_15)
FNDA:0,(anonymous_16)
DA:27,0
DA:110,0
DA:111,0
DA:112,0
DA:114,0
DA:115,0
DA:116,0
DA:117,0
DA:119,0
DA:120,0
DA:122,0
DA:123,0
DA:125,0
DA:127,0
DA:128,0
DA:129,0
DA:131,0
DA:135,0
DA:138,0
DA:141,0
DA:142,0
DA:143,0
DA:145,0
DA:149,0
DA:150,0
DA:151,0
DA:155,0
DA:156,0
DA:157,0
DA:158,0
DA:160,0
DA:161,0
DA:162,0
DA:163,0
DA:164,0
DA:166,0
DA:167,0
DA:168,0
DA:169,0
DA:175,0
DA:176,0
DA:180,0
DA:181,0
DA:182,0
DA:183,0
DA:186,0
DA:187,0
DA:188,0
DA:189,0
DA:192,0
DA:197,0
DA:210,0
DA:213,0
DA:214,0
DA:215,0
DA:216,0
DA:217,0
DA:218,0
DA:219,0
DA:223,0
DA:224,0
DA:225,0
DA:226,0
DA:227,0
DA:228,0
DA:229,0
DA:233,0
DA:234,0
DA:235,0
DA:245,0
DA:331,0
DA:345,0
DA:353,0
DA:365,0
DA:375,0
DA:412,0
DA:413,0
DA:416,0
DA:473,0
LF:79
LH:0
BRDA:125,0,0,0
BRDA:125,0,1,0
BRDA:127,1,0,0
BRDA:127,1,1,0
BRDA:128,2,0,0
BRDA:128,2,1,0
BRDA:142,3,0,0
BRDA:142,3,1,0
BRDA:150,4,0,0
BRDA:150,4,1,0
BRDA:162,5,0,0
BRDA:162,5,1,0
BRDA:162,6,0,0
BRDA:162,6,1,0
BRDA:163,7,0,0
BRDA:163,7,1,0
BRDA:167,8,0,0
BRDA:167,8,1,0
BRDA:175,9,0,0
BRDA:175,9,1,0
BRDA:180,10,0,0
BRDA:180,10,1,0
BRDA:181,11,0,0
BRDA:181,11,1,0
BRDA:182,12,0,0
BRDA:182,12,1,0
BRDA:186,13,0,0
BRDA:186,13,1,0
BRDA:187,14,0,0
BRDA:187,14,1,0
BRDA:188,15,0,0
BRDA:188,15,1,0
BRDA:189,16,0,0
BRDA:189,16,1,0
BRDA:192,17,0,0
BRDA:192,17,1,0
BRDA:193,18,0,0
BRDA:193,18,1,0
BRDA:194,19,0,0
BRDA:194,19,1,0
BRDA:201,20,0,0
BRDA:201,20,1,0
BRDA:202,21,0,0
BRDA:202,21,1,0
BRDA:203,22,0,0
BRDA:203,22,1,0
BRDA:204,23,0,0
BRDA:204,23,1,0
BRDA:205,24,0,0
BRDA:205,24,1,0
BRDA:206,25,0,0
BRDA:206,25,1,0
BRDA:214,26,0,0
BRDA:214,26,1,0
BRDA:214,26,2,0
BRDA:214,26,3,0
BRDA:214,26,4,0
BRDA:224,27,0,0
BRDA:224,27,1,0
BRDA:224,27,2,0
BRDA:224,27,3,0
BRDA:224,27,4,0
BRDA:233,28,0,0
BRDA:233,28,1,0
BRDA:280,29,0,0
BRDA:280,29,1,0
BRDA:281,30,0,0
BRDA:281,30,1,0
BRDA:326,31,0,0
BRDA:326,31,1,0
BRDA:404,32,0,0
BRDA:404,32,1,0
BRDA:412,33,0,0
BRDA:412,33,1,0
BRDA:419,34,0,0
BRDA:419,34,1,0
BRDA:429,35,0,0
BRDA:429,35,1,0
BRDA:433,36,0,0
BRDA:433,36,1,0
BRDA:462,37,0,0
BRDA:462,37,1,0
BRDA:465,38,0,0
BRDA:465,38,1,0
BRF:84
BRH:0
end_of_record
TN:
SF:app\risk-dashboard.tsx
FN:37,(anonymous_0)
FN:44,(anonymous_1)
FN:48,(anonymous_2)
FN:104,(anonymous_3)
FN:108,(anonymous_4)
FN:115,(anonymous_5)
FN:122,(anonymous_6)
FN:146,(anonymous_7)
FN:153,(anonymous_8)
FN:201,(anonymous_9)
FN:209,(anonymous_10)
FN:217,(anonymous_11)
FN:225,(anonymous_12)
FN:339,(anonymous_13)
FNF:14
FNH:0
FNDA:0,(anonymous_0)
FNDA:0,(anonymous_1)
FNDA:0,(anonymous_2)
FNDA:0,(anonymous_3)
FNDA:0,(anonymous_4)
FNDA:0,(anonymous_5)
FNDA:0,(anonymous_6)
FNDA:0,(anonymous_7)
FNDA:0,(anonymous_8)
FNDA:0,(anonymous_9)
FNDA:0,(anonymous_10)
FNDA:0,(anonymous_11)
FNDA:0,(anonymous_12)
FNDA:0,(anonymous_13)
DA:17,0
DA:37,0
DA:38,0
DA:39,0
DA:40,0
DA:41,0
DA:42,0
DA:44,0
DA:45,0
DA:48,0
DA:49,0
DA:50,0
DA:53,0
DA:65,0
DA:68,0
DA:96,0
DA:98,0
DA:100,0
DA:104,0
DA:105,0
DA:108,0
DA:109,0
DA:115,0
DA:116,0
DA:117,0
DA:119,0
DA:122,0
DA:123,0
DA:124,0
DA:125,0
DA:128,0
DA:129,0
DA:137,0
DA:146,0
DA:201,0
DA:209,0
DA:217,0
DA:225,0
DA:340,0
DA:426,0
LF:40
LH:0
BRDA:115,0,0,0
BRDA:116,1,0,0
BRDA:116,1,1,0
BRDA:117,2,0,0
BRDA:117,2,1,0
BRDA:117,3,0,0
BRDA:117,3,1,0
BRDA:119,4,0,0
BRDA:119,4,1,0
BRDA:119,5,0,0
BRDA:119,5,1,0
BRDA:123,6,0,0
BRDA:123,6,1,0
BRDA:124,7,0,0
BRDA:124,7,1,0
BRDA:128,8,0,0
BRDA:128,8,1,0
BRDA:165,9,0,0
BRDA:165,9,1,0
BRDA:200,10,0,0
BRDA:200,10,1,0
BRDA:203,11,0,0
BRDA:203,11,1,0
BRDA:208,12,0,0
BRDA:208,12,1,0
BRDA:211,13,0,0
BRDA:211,13,1,0
BRDA:216,14,0,0
BRDA:216,14,1,0
BRDA:219,15,0,0
BRDA:219,15,1,0
BRDA:224,16,0,0
BRDA:224,16,1,0
BRDA:227,17,0,0
BRDA:227,17,1,0
BRDA:234,18,0,0
BRDA:234,18,1,0
BRDA:234,18,2,0
BRDA:286,19,0,0
BRDA:286,19,1,0
BRDA:292,20,0,0
BRDA:292,20,1,0
BRDA:292,20,2,0
BRDA:335,21,0,0
BRDA:335,21,1,0
BRDA:365,22,0,0
BRDA:365,22,1,0
BRDA:365,22,2,0
BRDA:379,23,0,0
BRDA:379,23,1,0
BRDA:380,24,0,0
BRDA:380,24,1,0
BRDA:394,25,0,0
BRDA:394,25,1,0
BRDA:395,26,0,0
BRDA:395,26,1,0
BRDA:405,27,0,0
BRDA:405,27,1,0
BRDA:406,28,0,0
BRDA:406,28,1,0
BRDA:408,29,0,0
BRDA:408,29,1,0
BRF:62
BRH:0
end_of_record
TN:
SF:app\search-instruments.tsx
FN:17,SearchInstrumentsScreen
FN:23,(anonymous_1)
FN:38,(anonymous_2)
FN:69,(anonymous_3)
FN:72,(anonymous_4)
FN:125,(anonymous_5)
FNF:6
FNH:0
FNDA:0,SearchInstrumentsScreen
FNDA:0,(anonymous_1)
FNDA:0,(anonymous_2)
FNDA:0,(anonymous_3)
FNDA:0,(anonymous_4)
FNDA:0,(anonymous_5)
DA:8,0
DA:18,0
DA:19,0
DA:20,0
DA:22,0
DA:24,0
DA:28,0
DA:38,0
DA:70,0
DA:72,0
DA:125,0
DA:130,0
LF:12
LH:0
BRDA:24,0,0,0
BRDA:24,0,1,0
BRDA:66,1,0,0
BRDA:66,1,1,0
BRDA:87,2,0,0
BRDA:87,2,1,0
BRDA:87,3,0,0
BRDA:87,3,1,0
BRDA:97,4,0,0
BRDA:97,4,1,0
BRDA:102,5,0,0
BRDA:102,5,1,0
BRDA:104,6,0,0
BRDA:104,6,1,0
BRDA:111,7,0,0
BRDA:111,7,1,0
BRF:16
BRH:0
end_of_record
TN:
SF:app\settings.tsx
FN:44,(anonymous_0)
FN:50,(anonymous_1)
FN:54,(anonymous_2)
FN:95,(anonymous_3)
FN:107,(anonymous_4)
FN:117,(anonymous_5)
FN:146,(anonymous_6)
FN:165,(anonymous_7)
FN:175,(anonymous_8)
FN:185,(anonymous_9)
FN:195,(anonymous_10)
FN:219,(anonymous_11)
FN:232,(anonymous_12)
FN:249,(anonymous_13)
FN:262,(anonymous_14)
FN:275,(anonymous_15)
FN:297,(anonymous_16)
FN:304,(anonymous_17)
FN:338,(anonymous_18)
FN:351,(anonymous_19)
FN:374,(anonymous_20)
FN:387,(anonymous_21)
FN:400,(anonymous_22)
FN:422,(anonymous_23)
FN:429,(anonymous_24)
FNF:25
FNH:0
FNDA:0,(anonymous_0)
FNDA:0,(anonymous_1)
FNDA:0,(anonymous_2)
FNDA:0,(anonymous_3)
FNDA:0,(anonymous_4)
FNDA:0,(anonymous_5)
FNDA:0,(anonymous_6)
FNDA:0,(anonymous_7)
FNDA:0,(anonymous_8)
FNDA:0,(anonymous_9)
FNDA:0,(anonymous_10)
FNDA:0,(anonymous_11)
FNDA:0,(anonymous_12)
FNDA:0,(anonymous_13)
FNDA:0,(anonymous_14)
FNDA:0,(anonymous_15)
FNDA:0,(anonymous_16)
FNDA:0,(anonymous_17)
FNDA:0,(anonymous_18)
FNDA:0,(anonymous_19)
FNDA:0,(anonymous_20)
FNDA:0,(anonymous_21)
FNDA:0,(anonymous_22)
FNDA:0,(anonymous_23)
FNDA:0,(anonymous_24)
DA:44,0
DA:45,0
DA:46,0
DA:47,0
DA:48,0
DA:50,0
DA:51,0
DA:54,0
DA:55,0
DA:56,0
DA:59,0
DA:86,0
DA:88,0
DA:89,0
DA:91,0
DA:95,0
DA:96,0
DA:98,0
DA:107,0
DA:108,0
DA:110,0
DA:112,0
DA:113,0
DA:117,0
DA:118,0
DA:128,0
DA:129,0
DA:137,0
DA:146,0
DA:165,0
DA:175,0
DA:185,0
DA:195,0
DA:219,0
DA:232,0
DA:249,0
DA:262,0
DA:275,0
DA:298,0
DA:304,0
DA:338,0
DA:351,0
DA:374,0
DA:387,0
DA:400,0
DA:423,0
DA:429,0
DA:504,0
LF:48
LH:0
BRDA:96,0,0,0
BRDA:96,0,1,0
BRDA:128,1,0,0
BRDA:128,1,1,0
BRDA:164,2,0,0
BRDA:164,2,1,0
BRDA:167,3,0,0
BRDA:167,3,1,0
BRDA:168,4,0,0
BRDA:168,4,1,0
BRDA:174,5,0,0
BRDA:174,5,1,0
BRDA:177,6,0,0
BRDA:177,6,1,0
BRDA:178,7,0,0
BRDA:178,7,1,0
BRDA:184,8,0,0
BRDA:184,8,1,0
BRDA:187,9,0,0
BRDA:187,9,1,0
BRDA:188,10,0,0
BRDA:188,10,1,0
BRDA:194,11,0,0
BRDA:194,11,1,0
BRDA:197,12,0,0
BRDA:197,12,1,0
BRDA:198,13,0,0
BRDA:198,13,1,0
BRDA:205,14,0,0
BRDA:205,14,1,0
BRDA:205,14,2,0
BRDA:221,15,0,0
BRDA:221,15,1,0
BRDA:234,16,0,0
BRDA:234,16,1,0
BRDA:251,17,0,0
BRDA:251,17,1,0
BRDA:264,18,0,0
BRDA:264,18,1,0
BRDA:277,19,0,0
BRDA:277,19,1,0
BRDA:284,20,0,0
BRDA:284,20,1,0
BRDA:284,20,2,0
BRDA:302,21,0,0
BRDA:302,21,1,0
BRDA:308,22,0,0
BRDA:308,22,1,0
BRDA:340,23,0,0
BRDA:340,23,1,0
BRDA:353,24,0,0
BRDA:353,24,1,0
BRDA:360,25,0,0
BRDA:360,25,1,0
BRDA:360,25,2,0
BRDA:376,26,0,0
BRDA:376,26,1,0
BRDA:389,27,0,0
BRDA:389,27,1,0
BRDA:402,28,0,0
BRDA:402,28,1,0
BRDA:409,29,0,0
BRDA:409,29,1,0
BRDA:409,29,2,0
BRDA:427,30,0,0
BRDA:427,30,1,0
BRDA:433,31,0,0
BRDA:433,31,1,0
BRF:68
BRH:0
end_of_record
TN:
SF:app\signup.tsx
FN:15,SignupScreen
FN:67,(anonymous_1)
FN:72,(anonymous_2)
FN:149,(anonymous_3)
FN:172,(anonymous_4)
FN:184,(anonymous_5)
FN:197,(anonymous_6)
FN:220,(anonymous_7)
FN:233,(anonymous_8)
FN:252,(anonymous_9)
FN:330,(anonymous_10)
FN:347,(anonymous_11)
FN:377,(anonymous_12)
FN:393,(anonymous_13)
FN:405,(anonymous_14)
FN:413,(anonymous_15)
FN:425,(anonymous_16)
FN:454,(anonymous_17)
FNF:18
FNH:0
FNDA:0,SignupScreen
FNDA:0,(anonymous_1)
FNDA:0,(anonymous_2)
FNDA:0,(anonymous_3)
FNDA:0,(anonymous_4)
FNDA:0,(anonymous_5)
FNDA:0,(anonymous_6)
FNDA:0,(anonymous_7)
FNDA:0,(anonymous_8)
FNDA:0,(anonymous_9)
FNDA:0,(anonymous_10)
FNDA:0,(anonymous_11)
FNDA:0,(anonymous_12)
FNDA:0,(anonymous_13)
FNDA:0,(anonymous_14)
FNDA:0,(anonymous_15)
FNDA:0,(anonymous_16)
FNDA:0,(anonymous_17)
DA:13,0
DA:16,0
DA:17,0
DA:18,0
DA:19,0
DA:20,0
DA:21,0
DA:22,0
DA:23,0
DA:24,0
DA:25,0
DA:26,0
DA:27,0
DA:28,0
DA:31,0
DA:32,0
DA:33,0
DA:34,0
DA:35,0
DA:38,0
DA:39,0
DA:42,0
DA:47,0
DA:65,0
DA:67,0
DA:68,0
DA:69,0
DA:72,0
DA:74,0
DA:75,0
DA:76,0
DA:77,0
DA:78,0
DA:81,0
DA:83,0
DA:84,0
DA:85,0
DA:86,0
DA:87,0
DA:88,0
DA:91,0
DA:92,0
DA:93,0
DA:96,0
DA:97,0
DA:98,0
DA:99,0
DA:100,0
DA:101,0
DA:104,0
DA:105,0
DA:106,0
DA:107,0
DA:108,0
DA:109,0
DA:112,0
DA:113,0
DA:114,0
DA:115,0
DA:116,0
DA:117,0
DA:120,0
DA:123,0
DA:124,0
DA:125,0
DA:126,0
DA:133,0
DA:135,0
DA:141,0
DA:143,0
DA:150,0
DA:156,0
DA:159,0
DA:161,0
DA:164,0
DA:165,0
DA:172,0
DA:177,0
DA:180,0
DA:184,0
DA:185,0
DA:186,0
DA:187,0
DA:189,0
DA:190,0
DA:191,0
DA:198,0
DA:204,0
DA:207,0
DA:209,0
DA:212,0
DA:213,0
DA:220,0
DA:225,0
DA:228,0
DA:233,0
DA:234,0
DA:236,0
DA:237,0
DA:238,0
DA:239,0
DA:241,0
DA:242,0
DA:244,0
DA:245,0
DA:247,0
DA:248,0
DA:252,0
DA:253,0
DA:254,0
DA:256,0
DA:259,0
DA:261,0
DA:262,0
DA:263,0
DA:265,0
DA:266,0
DA:269,0
DA:271,0
DA:272,0
DA:273,0
DA:277,0
DA:331,0
DA:332,0
DA:348,0
DA:349,0
DA:378,0
DA:379,0
DA:394,0
DA:395,0
DA:405,0
DA:414,0
DA:415,0
DA:425,0
DA:454,0
DA:500,0
LF:136
LH:0
BRDA:38,0,0,0
BRDA:38,0,1,0
BRDA:42,1,0,0
BRDA:42,1,1,0
BRDA:47,2,0,0
BRDA:47,2,1,0
BRDA:48,3,0,0
BRDA:48,3,1,0
BRDA:48,4,0,0
BRDA:48,4,1,0
BRDA:50,5,0,0
BRDA:50,5,1,0
BRDA:50,6,0,0
BRDA:50,6,1,0
BRDA:52,7,0,0
BRDA:52,7,1,0
BRDA:52,8,0,0
BRDA:52,8,1,0
BRDA:83,9,0,0
BRDA:83,9,1,0
BRDA:86,10,0,0
BRDA:86,10,1,0
BRDA:91,11,0,0
BRDA:91,11,1,0
BRDA:96,12,0,0
BRDA:96,12,1,0
BRDA:99,13,0,0
BRDA:99,13,1,0
BRDA:104,14,0,0
BRDA:104,14,1,0
BRDA:107,15,0,0
BRDA:107,15,1,0
BRDA:112,16,0,0
BRDA:112,16,1,0
BRDA:115,17,0,0
BRDA:115,17,1,0
BRDA:120,18,0,0
BRDA:120,18,1,0
BRDA:130,19,0,0
BRDA:130,19,1,0
BRDA:133,20,0,0
BRDA:133,20,1,0
BRDA:133,21,0,0
BRDA:133,21,1,0
BRDA:159,22,0,0
BRDA:159,22,1,0
BRDA:164,23,0,0
BRDA:164,23,1,0
BRDA:189,24,0,0
BRDA:189,24,1,0
BRDA:189,25,0,0
BRDA:189,25,1,0
BRDA:204,26,0,0
BRDA:204,26,1,0
BRDA:207,27,0,0
BRDA:207,27,1,0
BRDA:212,28,0,0
BRDA:212,28,1,0
BRDA:234,29,0,0
BRDA:234,29,1,0
BRDA:236,30,0,0
BRDA:236,30,1,0
BRDA:238,31,0,0
BRDA:238,31,1,0
BRDA:241,32,0,0
BRDA:241,32,1,0
BRDA:244,33,0,0
BRDA:244,33,1,0
BRDA:247,34,0,0
BRDA:247,34,1,0
BRDA:247,35,0,0
BRDA:247,35,1,0
BRDA:253,36,0,0
BRDA:253,36,1,0
BRDA:253,37,0,0
BRDA:253,37,1,0
BRDA:253,37,2,0
BRDA:254,38,0,0
BRDA:254,38,1,0
BRDA:265,39,0,0
BRDA:265,39,1,0
BRDA:265,40,0,0
BRDA:265,40,1,0
BRDA:269,41,0,0
BRDA:269,41,1,0
BRDA:280,42,0,0
BRDA:280,42,1,0
BRDA:302,43,0,0
BRDA:302,43,1,0
BRDA:310,44,0,0
BRDA:310,44,1,0
BRDA:313,45,0,0
BRDA:313,45,1,0
BRDA:332,46,0,0
BRDA:332,46,1,0
BRDA:349,47,0,0
BRDA:349,47,1,0
BRDA:379,48,0,0
BRDA:379,48,1,0
BRDA:395,49,0,0
BRDA:395,49,1,0
BRDA:403,50,0,0
BRDA:403,50,1,0
BRDA:415,51,0,0
BRDA:415,51,1,0
BRDA:423,52,0,0
BRDA:423,52,1,0
BRDA:445,53,0,0
BRDA:445,53,1,0
BRDA:447,54,0,0
BRDA:447,54,1,0
BRF:111
BRH:0
end_of_record
TN:
SF:app\splash.tsx
FN:9,SplashScreen
FN:15,(anonymous_1)
FN:81,(anonymous_2)
FN:90,(anonymous_3)
FNF:4
FNH:0
FNDA:0,SplashScreen
FNDA:0,(anonymous_1)
FNDA:0,(anonymous_2)
FNDA:0,(anonymous_3)
DA:7,0
DA:10,0
DA:11,0
DA:12,0
DA:13,0
DA:15,0
DA:16,0
DA:30,0
DA:81,0
DA:90,0
DA:106,0
LF:11
LH:0
BRF:0
BRH:0
end_of_record
TN:
SF:app\strategy-detail.tsx
FN:132,StrategyDetailScreen
FN:137,(anonymous_1)
FN:150,(anonymous_2)
FN:159,(anonymous_3)
FN:167,(anonymous_4)
FN:177,(anonymous_5)
FN:197,(anonymous_6)
FN:289,(anonymous_7)
FN:303,(anonymous_8)
FN:315,(anonymous_9)
FN:329,(anonymous_10)
FN:333,(anonymous_11)
FN:349,(anonymous_12)
FN:357,(anonymous_13)
FNF:14
FNH:0
FNDA:0,StrategyDetailScreen
FNDA:0,(anonymous_1)
FNDA:0,(anonymous_2)
FNDA:0,(anonymous_3)
FNDA:0,(anonymous_4)
FNDA:0,(anonymous_5)
FNDA:0,(anonymous_6)
FNDA:0,(anonymous_7)
FNDA:0,(anonymous_8)
FNDA:0,(anonymous_9)
FNDA:0,(anonymous_10)
FNDA:0,(anonymous_11)
FNDA:0,(anonymous_12)
FNDA:0,(anonymous_13)
DA:9,0
DA:133,0
DA:134,0
DA:135,0
DA:137,0
DA:139,0
DA:140,0
DA:150,0
DA:159,0
DA:167,0
DA:168,0
DA:169,0
DA:170,0
DA:171,0
DA:172,0
DA:173,0
DA:177,0
DA:178,0
DA:179,0
DA:180,0
DA:181,0
DA:182,0
DA:183,0
DA:187,0
DA:197,0
DA:290,0
DA:304,0
DA:316,0
DA:330,0
DA:333,0
DA:349,0
DA:359,0
DA:372,0
LF:33
LH:0
BRDA:139,0,0,0
BRDA:139,0,1,0
BRDA:168,1,0,0
BRDA:168,1,1,0
BRDA:168,1,2,0
BRDA:168,1,3,0
BRDA:168,1,4,0
BRDA:178,2,0,0
BRDA:178,2,1,0
BRDA:178,2,2,0
BRDA:178,2,3,0
BRDA:178,2,4,0
BRF:12
BRH:0
end_of_record
TN:
SF:app\strategy-lab.tsx
FN:29,(anonymous_0)
FN:42,(anonymous_1)
FN:46,(anonymous_2)
FN:99,(anonymous_3)
FN:122,(anonymous_4)
FN:123,(anonymous_5)
FN:130,(anonymous_6)
FN:139,(anonymous_7)
FN:166,(anonymous_8)
FN:173,(anonymous_9)
FN:188,(anonymous_10)
FN:218,(anonymous_11)
FN:227,(anonymous_12)
FN:272,(anonymous_13)
FN:279,(anonymous_14)
FN:287,(anonymous_15)
FN:294,(anonymous_16)
FN:310,(anonymous_17)
FNF:18
FNH:0
FNDA:0,(anonymous_0)
FNDA:0,(anonymous_1)
FNDA:0,(anonymous_2)
FNDA:0,(anonymous_3)
FNDA:0,(anonymous_4)
FNDA:0,(anonymous_5)
FNDA:0,(anonymous_6)
FNDA:0,(anonymous_7)
FNDA:0,(anonymous_8)
FNDA:0,(anonymous_9)
FNDA:0,(anonymous_10)
FNDA:0,(anonymous_11)
FNDA:0,(anonymous_12)
FNDA:0,(anonymous_13)
FNDA:0,(anonymous_14)
FNDA:0,(anonymous_15)
FNDA:0,(anonymous_16)
FNDA:0,(anonymous_17)
DA:29,0
DA:30,0
DA:31,0
DA:32,0
DA:33,0
DA:34,0
DA:35,0
DA:36,0
DA:42,0
DA:43,0
DA:46,0
DA:47,0
DA:48,0
DA:51,0
DA:52,0
DA:53,0
DA:57,0
DA:90,0
DA:92,0
DA:93,0
DA:95,0
DA:99,0
DA:100,0
DA:101,0
DA:102,0
DA:105,0
DA:116,0
DA:117,0
DA:118,0
DA:119,0
DA:122,0
DA:123,0
DA:124,0
DA:130,0
DA:131,0
DA:132,0
DA:133,0
DA:134,0
DA:135,0
DA:139,0
DA:140,0
DA:141,0
DA:142,0
DA:143,0
DA:144,0
DA:148,0
DA:149,0
DA:157,0
DA:166,0
DA:173,0
DA:189,0
DA:219,0
DA:227,0
DA:272,0
DA:279,0
DA:288,0
DA:294,0
DA:310,0
DA:336,0
LF:59
LH:0
BRDA:52,0,0,0
BRDA:52,0,1,0
BRDA:53,1,0,0
BRDA:53,1,1,0
BRDA:100,2,0,0
BRDA:100,2,1,0
BRDA:124,3,0,0
BRDA:124,3,1,0
BRDA:131,4,0,0
BRDA:131,4,1,0
BRDA:131,4,2,0
BRDA:131,4,3,0
BRDA:140,5,0,0
BRDA:140,5,1,0
BRDA:140,5,2,0
BRDA:140,5,3,0
BRDA:148,6,0,0
BRDA:148,6,1,0
BRDA:186,7,0,0
BRDA:186,7,1,0
BRDA:194,8,0,0
BRDA:194,8,1,0
BRDA:225,9,0,0
BRDA:225,9,1,0
BRDA:230,10,0,0
BRDA:230,10,1,0
BRDA:263,11,0,0
BRDA:263,11,1,0
BRDA:292,12,0,0
BRDA:292,12,1,0
BRDA:298,13,0,0
BRDA:298,13,1,0
BRF:32
BRH:0
end_of_record
TN:
SF:app\subscription.tsx
FN:26,(anonymous_0)
FN:33,(anonymous_1)
FN:37,(anonymous_2)
FN:116,(anonymous_3)
FN:120,(anonymous_4)
FN:131,(anonymous_5)
FN:136,(anonymous_6)
FN:142,(anonymous_7)
FN:150,(anonymous_8)
FN:156,(anonymous_9)
FN:163,(anonymous_10)
FN:168,(anonymous_11)
FN:191,(anonymous_12)
FN:198,(anonymous_13)
FN:212,(anonymous_14)
FN:220,(anonymous_15)
FN:234,(anonymous_16)
FN:255,(anonymous_17)
FN:269,(anonymous_18)
FNF:19
FNH:0
FNDA:0,(anonymous_0)
FNDA:0,(anonymous_1)
FNDA:0,(anonymous_2)
FNDA:0,(anonymous_3)
FNDA:0,(anonymous_4)
FNDA:0,(anonymous_5)
FNDA:0,(anonymous_6)
FNDA:0,(anonymous_7)
FNDA:0,(anonymous_8)
FNDA:0,(anonymous_9)
FNDA:0,(anonymous_10)
FNDA:0,(anonymous_11)
FNDA:0,(anonymous_12)
FNDA:0,(anonymous_13)
FNDA:0,(anonymous_14)
FNDA:0,(anonymous_15)
FNDA:0,(anonymous_16)
FNDA:0,(anonymous_17)
FNDA:0,(anonymous_18)
DA:26,0
DA:27,0
DA:28,0
DA:29,0
DA:30,0
DA:31,0
DA:33,0
DA:34,0
DA:37,0
DA:38,0
DA:39,0
DA:42,0
DA:107,0
DA:109,0
DA:110,0
DA:112,0
DA:116,0
DA:117,0
DA:120,0
DA:121,0
DA:122,0
DA:123,0
DA:126,0
DA:131,0
DA:136,0
DA:137,0
DA:139,0
DA:142,0
DA:145,0
DA:146,0
DA:150,0
DA:151,0
DA:157,0
DA:163,0
DA:164,0
DA:165,0
DA:168,0
DA:169,0
DA:170,0
DA:173,0
DA:174,0
DA:182,0
DA:191,0
DA:212,0
DA:220,0
DA:235,0
DA:256,0
DA:269,0
DA:347,0
LF:49
LH:0
BRDA:121,0,0,0
BRDA:121,0,1,0
BRDA:164,1,0,0
BRDA:164,1,1,0
BRDA:173,2,0,0
BRDA:173,2,1,0
BRDA:211,3,0,0
BRDA:211,3,1,0
BRDA:214,4,0,0
BRDA:214,4,1,0
BRDA:219,5,0,0
BRDA:219,5,1,0
BRDA:222,6,0,0
BRDA:222,6,1,0
BRDA:227,7,0,0
BRDA:227,7,1,0
BRDA:236,8,0,0
BRDA:236,8,1,0
BRDA:247,9,0,0
BRDA:247,9,1,0
BRDA:247,9,2,0
BRDA:266,10,0,0
BRDA:266,10,1,0
BRDA:267,11,0,0
BRDA:267,11,1,0
BRDA:269,12,0,0
BRDA:269,12,1,0
BRDA:273,13,0,0
BRDA:273,13,1,0
BRDA:274,14,0,0
BRDA:274,14,1,0
BRDA:276,15,0,0
BRDA:276,15,1,0
BRF:33
BRH:0
end_of_record
TN:
SF:app\system-settings.tsx
FN:61,SystemSettingsScreen
FN:66,(anonymous_1)
FN:67,(anonymous_2)
FN:68,(anonymous_3)
FN:76,(anonymous_4)
FN:86,(anonymous_5)
FN:96,(anonymous_6)
FN:114,(anonymous_7)
FN:134,(anonymous_8)
FN:147,(anonymous_9)
FN:155,(anonymous_10)
FNF:11
FNH:0
FNDA:0,SystemSettingsScreen
FNDA:0,(anonymous_1)
FNDA:0,(anonymous_2)
FNDA:0,(anonymous_3)
FNDA:0,(anonymous_4)
FNDA:0,(anonymous_5)
FNDA:0,(anonymous_6)
FNDA:0,(anonymous_7)
FNDA:0,(anonymous_8)
FNDA:0,(anonymous_9)
FNDA:0,(anonymous_10)
DA:16,0
DA:62,0
DA:63,0
DA:64,0
DA:66,0
DA:67,0
DA:68,0
DA:69,0
DA:76,0
DA:77,0
DA:78,0
DA:79,0
DA:80,0
DA:81,0
DA:82,0
DA:86,0
DA:87,0
DA:88,0
DA:89,0
DA:90,0
DA:91,0
DA:92,0
DA:96,0
DA:97,0
DA:98,0
DA:100,0
DA:101,0
DA:104,0
DA:114,0
DA:135,0
DA:148,0
DA:155,0
DA:191,0
LF:33
LH:0
BRDA:69,0,0,0
BRDA:69,0,1,0
BRDA:77,1,0,0
BRDA:77,1,1,0
BRDA:77,1,2,0
BRDA:77,1,3,0
BRDA:77,1,4,0
BRDA:87,2,0,0
BRDA:87,2,1,0
BRDA:87,2,2,0
BRDA:87,2,3,0
BRDA:87,2,4,0
BRDA:97,3,0,0
BRDA:97,3,1,0
BRDA:157,4,0,0
BRDA:157,4,1,0
BRF:16
BRH:0
end_of_record
TN:
SF:app\technical-analysis.tsx
FN:16,TechnicalAnalysisScreen
FN:40,(anonymous_1)
FN:69,(anonymous_2)
FN:101,(anonymous_3)
FN:107,(anonymous_4)
FN:149,(anonymous_5)
FN:159,(anonymous_6)
FNF:7
FNH:0
FNDA:0,TechnicalAnalysisScreen
FNDA:0,(anonymous_1)
FNDA:0,(anonymous_2)
FNDA:0,(anonymous_3)
FNDA:0,(anonymous_4)
FNDA:0,(anonymous_5)
FNDA:0,(anonymous_6)
DA:9,0
DA:17,0
DA:18,0
DA:19,0
DA:22,0
DA:30,0
DA:40,0
DA:69,0
DA:102,0
DA:104,0
DA:107,0
DA:149,0
DA:159,0
DA:164,0
LF:14
LH:0
BRDA:102,0,0,0
BRDA:102,0,1,0
BRDA:102,0,2,0
BRDA:112,1,0,0
BRDA:112,1,1,0
BRDA:119,2,0,0
BRDA:119,2,1,0
BRF:7
BRH:0
end_of_record
TN:
SF:app\tournaments.tsx
FN:36,(anonymous_0)
FN:43,(anonymous_1)
FN:47,(anonymous_2)
FN:134,(anonymous_3)
FN:141,(anonymous_4)
FN:149,(anonymous_5)
FN:163,(anonymous_6)
FN:170,(anonymous_7)
FN:174,(anonymous_8)
FN:183,(anonymous_9)
FN:192,(anonymous_10)
FN:212,(anonymous_11)
FN:219,(anonymous_12)
FN:231,(anonymous_13)
FN:239,(anonymous_14)
FN:247,(anonymous_15)
FN:257,(anonymous_16)
FN:307,(anonymous_17)
FN:323,(anonymous_18)
FN:333,(anonymous_19)
FN:342,(anonymous_20)
FN:360,(anonymous_21)
FN:371,(anonymous_22)
FN:382,(anonymous_23)
FN:401,(anonymous_24)
FN:409,(anonymous_25)
FNF:26
FNH:0
FNDA:0,(anonymous_0)
FNDA:0,(anonymous_1)
FNDA:0,(anonymous_2)
FNDA:0,(anonymous_3)
FNDA:0,(anonymous_4)
FNDA:0,(anonymous_5)
FNDA:0,(anonymous_6)
FNDA:0,(anonymous_7)
FNDA:0,(anonymous_8)
FNDA:0,(anonymous_9)
FNDA:0,(anonymous_10)
FNDA:0,(anonymous_11)
FNDA:0,(anonymous_12)
FNDA:0,(anonymous_13)
FNDA:0,(anonymous_14)
FNDA:0,(anonymous_15)
FNDA:0,(anonymous_16)
FNDA:0,(anonymous_17)
FNDA:0,(anonymous_18)
FNDA:0,(anonymous_19)
FNDA:0,(anonymous_20)
FNDA:0,(anonymous_21)
FNDA:0,(anonymous_22)
FNDA:0,(anonymous_23)
FNDA:0,(anonymous_24)
FNDA:0,(anonymous_25)
DA:36,0
DA:37,0
DA:38,0
DA:39,0
DA:40,0
DA:41,0
DA:43,0
DA:44,0
DA:47,0
DA:48,0
DA:49,0
DA:52,0
DA:125,0
DA:127,0
DA:128,0
DA:130,0
DA:134,0
DA:135,0
DA:136,0
DA:141,0
DA:145,0
DA:149,0
DA:150,0
DA:152,0
DA:158,0
DA:159,0
DA:163,0
DA:164,0
DA:170,0
DA:171,0
DA:174,0
DA:175,0
DA:176,0
DA:177,0
DA:178,0
DA:179,0
DA:183,0
DA:184,0
DA:185,0
DA:186,0
DA:187,0
DA:188,0
DA:192,0
DA:194,0
DA:195,0
DA:203,0
DA:212,0
DA:231,0
DA:239,0
DA:247,0
DA:258,0
DA:308,0
DA:323,0
DA:333,0
DA:342,0
DA:360,0
DA:372,0
DA:383,0
DA:401,0
DA:410,0
DA:411,0
DA:436,0
LF:62
LH:0
BRDA:135,0,0,0
BRDA:135,0,1,0
BRDA:175,1,0,0
BRDA:175,1,1,0
BRDA:175,1,2,0
BRDA:175,1,3,0
BRDA:184,2,0,0
BRDA:184,2,1,0
BRDA:184,2,2,0
BRDA:184,2,3,0
BRDA:194,3,0,0
BRDA:194,3,1,0
BRDA:230,4,0,0
BRDA:230,4,1,0
BRDA:233,5,0,0
BRDA:233,5,1,0
BRDA:238,6,0,0
BRDA:238,6,1,0
BRDA:241,7,0,0
BRDA:241,7,1,0
BRDA:246,8,0,0
BRDA:246,8,1,0
BRDA:249,9,0,0
BRDA:249,9,1,0
BRDA:294,10,0,0
BRDA:294,10,1,0
BRDA:304,11,0,0
BRDA:304,11,1,0
BRDA:304,11,2,0
BRDA:320,12,0,0
BRDA:320,12,1,0
BRDA:330,13,0,0
BRDA:330,13,1,0
BRDA:353,14,0,0
BRDA:353,14,1,0
BRDA:379,15,0,0
BRDA:379,15,1,0
BRDA:406,16,0,0
BRDA:406,16,1,0
BRDA:406,16,2,0
BRDA:415,17,0,0
BRDA:415,17,1,0
BRF:42
BRH:0
end_of_record
TN:
SF:app\trade-detail.tsx
FN:30,TradeDetailScreen
FN:42,(anonymous_1)
FN:43,(anonymous_2)
FN:77,(anonymous_3)
FN:107,(anonymous_4)
FN:153,(anonymous_5)
FN:156,(anonymous_6)
FN:178,(anonymous_7)
FN:236,(anonymous_8)
FN:250,(anonymous_9)
FNF:10
FNH:0
FNDA:0,TradeDetailScreen
FNDA:0,(anonymous_1)
FNDA:0,(anonymous_2)
FNDA:0,(anonymous_3)
FNDA:0,(anonymous_4)
FNDA:0,(anonymous_5)
FNDA:0,(anonymous_6)
FNDA:0,(anonymous_7)
FNDA:0,(anonymous_8)
FNDA:0,(anonymous_9)
DA:18,0
DA:31,0
DA:32,0
DA:33,0
DA:34,0
DA:35,0
DA:36,0
DA:37,0
DA:39,0
DA:42,0
DA:43,0
DA:44,0
DA:45,0
DA:46,0
DA:49,0
DA:56,0
DA:57,0
DA:59,0
DA:61,0
DA:69,0
DA:73,0
DA:77,0
DA:78,0
DA:94,0
DA:97,0
DA:107,0
DA:154,0
DA:156,0
DA:178,0
DA:236,0
DA:250,0
DA:270,0
LF:32
LH:0
BRDA:46,0,0,0
BRDA:46,0,1,0
BRDA:94,1,0,0
BRDA:94,1,1,0
BRDA:138,2,0,0
BRDA:138,2,1,0
BRDA:159,3,0,0
BRDA:159,3,1,0
BRDA:165,4,0,0
BRDA:165,4,1,0
BRDA:172,5,0,0
BRDA:172,5,1,0
BRF:12
BRH:0
end_of_record
TN:
SF:app\trade-setup.tsx
FN:104,TradeSetupScreen
FN:126,(anonymous_1)
FN:189,(anonymous_2)
FN:192,(anonymous_3)
FN:285,(anonymous_4)
FN:288,(anonymous_5)
FN:444,(anonymous_6)
FN:454,(anonymous_7)
FN:463,(anonymous_8)
FNF:9
FNH:0
FNDA:0,TradeSetupScreen
FNDA:0,(anonymous_1)
FNDA:0,(anonymous_2)
FNDA:0,(anonymous_3)
FNDA:0,(anonymous_4)
FNDA:0,(anonymous_5)
FNDA:0,(anonymous_6)
FNDA:0,(anonymous_7)
FNDA:0,(anonymous_8)
DA:10,0
DA:105,0
DA:106,0
DA:109,0
DA:110,0
DA:111,0
DA:112,0
DA:113,0
DA:114,0
DA:116,0
DA:126,0
DA:190,0
DA:192,0
DA:286,0
DA:288,0
DA:445,0
DA:454,0
DA:463,0
DA:468,0
LF:19
LH:0
BRDA:154,0,0,0
BRDA:154,0,1,0
BRDA:156,1,0,0
BRDA:156,1,1,0
BRDA:178,2,0,0
BRDA:178,2,1,0
BRDA:196,3,0,0
BRDA:196,3,1,0
BRDA:202,4,0,0
BRDA:202,4,1,0
BRDA:226,5,0,0
BRDA:226,5,1,0
BRDA:228,6,0,0
BRDA:228,6,1,0
BRDA:247,7,0,0
BRDA:247,7,1,0
BRDA:291,8,0,0
BRDA:291,8,1,0
BRDA:353,9,0,0
BRDA:353,9,1,0
BRDA:430,10,0,0
BRDA:430,10,1,0
BRF:22
BRH:0
end_of_record
TN:
SF:app\trade-signals.tsx
FN:222,TradeSignalsScreen
FN:238,(anonymous_1)
FN:240,(anonymous_2)
FN:272,(anonymous_3)
FN:274,(anonymous_4)
FN:293,(anonymous_5)
FN:295,(anonymous_6)
FN:313,(anonymous_7)
FN:321,(anonymous_8)
FN:332,(anonymous_9)
FN:347,(anonymous_10)
FN:353,(anonymous_11)
FN:369,(anonymous_12)
FN:392,(anonymous_13)
FN:412,(anonymous_14)
FN:441,(anonymous_15)
FN:444,(anonymous_16)
FN:485,(anonymous_17)
FN:504,(anonymous_18)
FN:566,(anonymous_19)
FN:621,(anonymous_20)
FN:629,(anonymous_21)
FN:639,(anonymous_22)
FN:642,(anonymous_23)
FN:682,(anonymous_24)
FN:716,(anonymous_25)
FN:724,(anonymous_26)
FN:753,(anonymous_27)
FNF:28
FNH:0
FNDA:0,TradeSignalsScreen
FNDA:0,(anonymous_1)
FNDA:0,(anonymous_2)
FNDA:0,(anonymous_3)
FNDA:0,(anonymous_4)
FNDA:0,(anonymous_5)
FNDA:0,(anonymous_6)
FNDA:0,(anonymous_7)
FNDA:0,(anonymous_8)
FNDA:0,(anonymous_9)
FNDA:0,(anonymous_10)
FNDA:0,(anonymous_11)
FNDA:0,(anonymous_12)
FNDA:0,(anonymous_13)
FNDA:0,(anonymous_14)
FNDA:0,(anonymous_15)
FNDA:0,(anonymous_16)
FNDA:0,(anonymous_17)
FNDA:0,(anonymous_18)
FNDA:0,(anonymous_19)
FNDA:0,(anonymous_20)
FNDA:0,(anonymous_21)
FNDA:0,(anonymous_22)
FNDA:0,(anonymous_23)
FNDA:0,(anonymous_24)
FNDA:0,(anonymous_25)
FNDA:0,(anonymous_26)
FNDA:0,(anonymous_27)
DA:26,0
DA:128,0
DA:223,0
DA:224,0
DA:225,0
DA:226,0
DA:227,0
DA:228,0
DA:231,0
DA:232,0
DA:233,0
DA:234,0
DA:235,0
DA:238,0
DA:239,0
DA:240,0
DA:241,0
DA:242,0
DA:244,0
DA:252,0
DA:258,0
DA:260,0
DA:261,0
DA:263,0
DA:267,0
DA:272,0
DA:273,0
DA:274,0
DA:275,0
DA:276,0
DA:277,0
DA:278,0
DA:279,0
DA:281,0
DA:282,0
DA:284,0
DA:288,0
DA:293,0
DA:294,0
DA:295,0
DA:296,0
DA:297,0
DA:301,0
DA:303,0
DA:304,0
DA:308,0
DA:313,0
DA:314,0
DA:322,0
DA:323,0
DA:324,0
DA:327,0
DA:328,0
DA:329,0
DA:330,0
DA:331,0
DA:332,0
DA:335,0
DA:337,0
DA:347,0
DA:348,0
DA:349,0
DA:350,0
DA:353,0
DA:354,0
DA:355,0
DA:356,0
DA:359,0
DA:369,0
DA:392,0
DA:412,0
DA:442,0
DA:444,0
DA:485,0
DA:505,0
DA:567,0
DA:621,0
DA:629,0
DA:640,0
DA:642,0
DA:682,0
DA:716,0
DA:724,0
DA:753,0
DA:758,0
LF:85
LH:0
BRDA:239,0,0,0
BRDA:239,0,1,0
BRDA:258,1,0,0
BRDA:258,1,1,0
BRDA:273,2,0,0
BRDA:273,2,1,0
BRDA:278,3,0,0
BRDA:278,3,1,0
BRDA:294,4,0,0
BRDA:294,4,1,0
BRDA:294,5,0,0
BRDA:294,5,1,0
BRDA:301,6,0,0
BRDA:301,6,1,0
BRDA:322,7,0,0
BRDA:322,7,1,0
BRDA:322,8,0,0
BRDA:322,8,1,0
BRDA:322,8,2,0
BRDA:335,9,0,0
BRDA:335,9,1,0
BRDA:348,10,0,0
BRDA:348,10,1,0
BRDA:349,11,0,0
BRDA:349,11,1,0
BRDA:354,12,0,0
BRDA:354,12,1,0
BRDA:355,13,0,0
BRDA:355,13,1,0
BRDA:395,14,0,0
BRDA:395,14,1,0
BRDA:401,15,0,0
BRDA:401,15,1,0
BRDA:406,16,0,0
BRDA:406,16,1,0
BRDA:415,17,0,0
BRDA:415,17,1,0
BRDA:421,18,0,0
BRDA:421,18,1,0
BRDA:426,19,0,0
BRDA:426,19,1,0
BRDA:450,20,0,0
BRDA:450,20,1,0
BRDA:457,21,0,0
BRDA:457,21,1,0
BRDA:460,22,0,0
BRDA:460,22,1,0
BRDA:468,23,0,0
BRDA:468,23,1,0
BRDA:478,24,0,0
BRDA:478,24,1,0
BRDA:488,25,0,0
BRDA:488,25,1,0
BRDA:493,26,0,0
BRDA:493,26,1,0
BRDA:500,27,0,0
BRDA:500,27,1,0
BRDA:501,28,0,0
BRDA:501,28,1,0
BRDA:503,29,0,0
BRDA:503,29,1,0
BRDA:526,30,0,0
BRDA:526,30,1,0
BRDA:534,31,0,0
BRDA:534,31,1,0
BRDA:535,32,0,0
BRDA:535,32,1,0
BRDA:537,33,0,0
BRDA:537,33,1,0
BRDA:547,34,0,0
BRDA:547,34,1,0
BRDA:548,35,0,0
BRDA:548,35,1,0
BRDA:552,36,0,0
BRDA:552,36,1,0
BRDA:563,37,0,0
BRDA:563,37,1,0
BRDA:565,38,0,0
BRDA:565,38,1,0
BRDA:673,39,0,0
BRDA:673,39,1,0
BRDA:675,40,0,0
BRDA:675,40,1,0
BRDA:742,41,0,0
BRDA:742,41,1,0
BRF:85
BRH:0
end_of_record
TN:
SF:app\trade-simulator.tsx
FN:21,TradeSimulatorContent
FN:37,(anonymous_1)
FN:43,(anonymous_2)
FN:54,(anonymous_3)
FN:57,(anonymous_4)
FN:58,(anonymous_5)
FN:64,(anonymous_6)
FN:73,(anonymous_7)
FN:79,(anonymous_8)
FN:89,(anonymous_9)
FN:149,(anonymous_10)
FN:150,(anonymous_11)
FN:154,(anonymous_12)
FN:247,(anonymous_13)
FN:250,(anonymous_14)
FN:330,(anonymous_15)
FN:394,(anonymous_16)
FN:402,(anonymous_17)
FN:407,TradeSimulatorScreen
FNF:19
FNH:0
FNDA:0,TradeSimulatorContent
FNDA:0,(anonymous_1)
FNDA:0,(anonymous_2)
FNDA:0,(anonymous_3)
FNDA:0,(anonymous_4)
FNDA:0,(anonymous_5)
FNDA:0,(anonymous_6)
FNDA:0,(anonymous_7)
FNDA:0,(anonymous_8)
FNDA:0,(anonymous_9)
FNDA:0,(anonymous_10)
FNDA:0,(anonymous_11)
FNDA:0,(anonymous_12)
FNDA:0,(anonymous_13)
FNDA:0,(anonymous_14)
FNDA:0,(anonymous_15)
FNDA:0,(anonymous_16)
FNDA:0,(anonymous_17)
FNDA:0,TradeSimulatorScreen
DA:22,0
DA:23,0
DA:24,0
DA:26,0
DA:27,0
DA:28,0
DA:29,0
DA:30,0
DA:33,0
DA:34,0
DA:37,0
DA:38,0
DA:39,0
DA:43,0
DA:45,0
DA:48,0
DA:51,0
DA:54,0
DA:57,0
DA:58,0
DA:59,0
DA:60,0
DA:61,0
DA:62,0
DA:64,0
DA:65,0
DA:66,0
DA:69,0
DA:73,0
DA:74,0
DA:75,0
DA:76,0
DA:79,0
DA:80,0
DA:81,0
DA:90,0
DA:91,0
DA:97,0
DA:101,0
DA:150,0
DA:151,0
DA:154,0
DA:248,0
DA:251,0
DA:252,0
DA:253,0
DA:254,0
DA:330,0
DA:394,0
DA:402,0
DA:408,0
DA:415,0
LF:52
LH:0
BRDA:33,0,0,0
BRDA:33,0,1,0
BRDA:34,1,0,0
BRDA:34,1,1,0
BRDA:38,2,0,0
BRDA:38,2,1,0
BRDA:38,3,0,0
BRDA:38,3,1,0
BRDA:59,4,0,0
BRDA:59,4,1,0
BRDA:60,5,0,0
BRDA:60,5,1,0
BRDA:65,6,0,0
BRDA:65,6,1,0
BRDA:80,7,0,0
BRDA:80,7,1,0
BRDA:123,8,0,0
BRDA:123,8,1,0
BRDA:159,9,0,0
BRDA:159,9,1,0
BRDA:166,10,0,0
BRDA:166,10,1,0
BRDA:242,11,0,0
BRDA:242,11,1,0
BRDA:258,12,0,0
BRDA:258,12,1,0
BRDA:285,13,0,0
BRDA:285,13,1,0
BRDA:287,14,0,0
BRDA:287,14,1,0
BRDA:293,15,0,0
BRDA:293,15,1,0
BRDA:310,16,0,0
BRDA:310,16,1,0
BRDA:312,17,0,0
BRDA:312,17,1,0
BRDA:312,17,2,0
BRDA:314,18,0,0
BRDA:314,18,1,0
BRDA:317,19,0,0
BRDA:317,19,1,0
BRDA:330,20,0,0
BRDA:330,20,1,0
BRDA:363,21,0,0
BRDA:363,21,1,0
BRDA:370,22,0,0
BRDA:370,22,1,0
BRF:47
BRH:0
end_of_record
TN:
SF:app\user-management.tsx
FN:78,UserManagementScreen
FN:86,(anonymous_1)
FN:95,(anonymous_2)
FN:104,(anonymous_3)
FN:112,(anonymous_4)
FN:113,(anonymous_5)
FN:114,(anonymous_6)
FN:122,(anonymous_7)
FN:123,(anonymous_8)
FN:124,(anonymous_9)
FN:145,(anonymous_10)
FN:183,(anonymous_11)
FN:187,(anonymous_12)
FN:192,(anonymous_13)
FN:203,(anonymous_14)
FN:207,(anonymous_15)
FN:212,(anonymous_16)
FN:231,(anonymous_17)
FN:237,(anonymous_18)
FN:254,(anonymous_19)
FN:295,(anonymous_20)
FN:308,(anonymous_21)
FNF:22
FNH:0
FNDA:0,UserManagementScreen
FNDA:0,(anonymous_1)
FNDA:0,(anonymous_2)
FNDA:0,(anonymous_3)
FNDA:0,(anonymous_4)
FNDA:0,(anonymous_5)
FNDA:0,(anonymous_6)
FNDA:0,(anonymous_7)
FNDA:0,(anonymous_8)
FNDA:0,(anonymous_9)
FNDA:0,(anonymous_10)
FNDA:0,(anonymous_11)
FNDA:0,(anonymous_12)
FNDA:0,(anonymous_13)
FNDA:0,(anonymous_14)
FNDA:0,(anonymous_15)
FNDA:0,(anonymous_16)
FNDA:0,(anonymous_17)
FNDA:0,(anonymous_18)
FNDA:0,(anonymous_19)
FNDA:0,(anonymous_20)
FNDA:0,(anonymous_21)
DA:20,0
DA:79,0
DA:80,0
DA:81,0
DA:82,0
DA:83,0
DA:84,0
DA:86,0
DA:87,0
DA:88,0
DA:89,0
DA:90,0
DA:91,0
DA:95,0
DA:96,0
DA:97,0
DA:98,0
DA:99,0
DA:100,0
DA:104,0
DA:105,0
DA:107,0
DA:108,0
DA:109,0
DA:112,0
DA:113,0
DA:114,0
DA:115,0
DA:122,0
DA:123,0
DA:124,0
DA:125,0
DA:132,0
DA:133,0
DA:135,0
DA:145,0
DA:183,0
DA:188,0
DA:192,0
DA:203,0
DA:208,0
DA:212,0
DA:231,0
DA:237,0
DA:255,0
DA:296,0
DA:298,0
DA:309,0
DA:310,0
DA:327,0
LF:50
LH:0
BRDA:87,0,0,0
BRDA:87,0,1,0
BRDA:87,0,2,0
BRDA:87,0,3,0
BRDA:96,1,0,0
BRDA:96,1,1,0
BRDA:96,1,2,0
BRDA:96,1,3,0
BRDA:105,2,0,0
BRDA:105,2,1,0
BRDA:107,3,0,0
BRDA:107,3,1,0
BRDA:108,4,0,0
BRDA:108,4,1,0
BRDA:109,5,0,0
BRDA:109,5,1,0
BRDA:109,5,2,0
BRDA:115,6,0,0
BRDA:115,6,1,0
BRDA:125,7,0,0
BRDA:125,7,1,0
BRDA:181,8,0,0
BRDA:181,8,1,0
BRDA:190,9,0,0
BRDA:190,9,1,0
BRDA:192,10,0,0
BRDA:192,10,1,0
BRDA:201,11,0,0
BRDA:201,11,1,0
BRDA:210,12,0,0
BRDA:210,12,1,0
BRDA:212,13,0,0
BRDA:212,13,1,0
BRDA:237,14,0,0
BRDA:237,14,1,0
BRDA:248,15,0,0
BRDA:248,15,1,0
BRDA:296,16,0,0
BRDA:296,16,1,0
BRDA:297,17,0,0
BRDA:297,17,1,0
BRDA:309,18,0,0
BRDA:309,18,1,0
BRDA:313,19,0,0
BRDA:313,19,1,0
BRF:45
BRH:0
end_of_record
TN:
SF:app\user-profile.tsx
FN:13,UserProfileScreen
FN:31,(anonymous_1)
FN:40,(anonymous_2)
FN:90,(anonymous_3)
FN:131,(anonymous_4)
FN:149,(anonymous_5)
FN:233,(anonymous_6)
FN:255,(anonymous_7)
FN:286,(anonymous_8)
FN:357,(anonymous_9)
FN:362,(anonymous_10)
FNF:11
FNH:0
FNDA:0,UserProfileScreen
FNDA:0,(anonymous_1)
FNDA:0,(anonymous_2)
FNDA:0,(anonymous_3)
FNDA:0,(anonymous_4)
FNDA:0,(anonymous_5)
FNDA:0,(anonymous_6)
FNDA:0,(anonymous_7)
FNDA:0,(anonymous_8)
FNDA:0,(anonymous_9)
FNDA:0,(anonymous_10)
DA:14,0
DA:15,0
DA:16,0
DA:17,0
DA:19,0
DA:20,0
DA:21,0
DA:22,0
DA:23,0
DA:24,0
DA:25,0
DA:26,0
DA:28,0
DA:31,0
DA:32,0
DA:33,0
DA:34,0
DA:35,0
DA:36,0
DA:40,0
DA:42,0
DA:43,0
DA:44,0
DA:46,0
DA:47,0
DA:48,0
DA:51,0
DA:52,0
DA:53,0
DA:63,0
DA:64,0
DA:65,0
DA:69,0
DA:80,0
DA:81,0
DA:83,0
DA:84,0
DA:86,0
DA:90,0
DA:91,0
DA:92,0
DA:93,0
DA:99,0
DA:100,0
DA:101,0
DA:105,0
DA:111,0
DA:112,0
DA:114,0
DA:115,0
DA:117,0
DA:121,0
DA:131,0
DA:149,0
DA:233,0
DA:255,0
DA:286,0
DA:357,0
DA:362,0
DA:375,0
LF:60
LH:0
BRDA:32,0,0,0
BRDA:32,0,1,0
BRDA:33,1,0,0
BRDA:33,1,1,0
BRDA:34,2,0,0
BRDA:34,2,1,0
BRDA:35,3,0,0
BRDA:35,3,1,0
BRDA:36,4,0,0
BRDA:36,4,1,0
BRDA:42,5,0,0
BRDA:42,5,1,0
BRDA:46,6,0,0
BRDA:46,6,1,0
BRDA:57,7,0,0
BRDA:57,7,1,0
BRDA:63,8,0,0
BRDA:63,8,1,0
BRDA:63,9,0,0
BRDA:63,9,1,0
BRDA:64,10,0,0
BRDA:64,10,1,0
BRDA:84,11,0,0
BRDA:84,11,1,0
BRDA:95,12,0,0
BRDA:95,12,1,0
BRDA:96,13,0,0
BRDA:96,13,1,0
BRDA:99,14,0,0
BRDA:99,14,1,0
BRDA:99,15,0,0
BRDA:99,15,1,0
BRDA:100,16,0,0
BRDA:100,16,1,0
BRDA:106,17,0,0
BRDA:106,17,1,0
BRDA:107,18,0,0
BRDA:107,18,1,0
BRDA:107,19,0,0
BRDA:107,19,1,0
BRDA:108,20,0,0
BRDA:108,20,1,0
BRDA:108,21,0,0
BRDA:108,21,1,0
BRDA:115,22,0,0
BRDA:115,22,1,0
BRDA:203,23,0,0
BRDA:203,23,1,0
BRDA:204,24,0,0
BRDA:204,24,1,0
BRDA:262,25,0,0
BRDA:262,25,1,0
BRDA:286,26,0,0
BRDA:286,26,1,0
BRDA:333,27,0,0
BRDA:333,27,1,0
BRDA:335,28,0,0
BRDA:335,28,1,0
BRDA:362,29,0,0
BRDA:362,29,1,0
BRDA:364,30,0,0
BRDA:364,30,1,0
BRDA:365,31,0,0
BRDA:365,31,1,0
BRDA:366,32,0,0
BRDA:366,32,1,0
BRDA:366,33,0,0
BRDA:366,33,1,0
BRF:68
BRH:0
end_of_record
TN:
SF:app\vs-ai-battle.tsx
FN:8,VsAIBattle
FN:14,(anonymous_1)
FN:15,(anonymous_2)
FN:15,(anonymous_3)
FN:16,(anonymous_4)
FN:19,(anonymous_5)
FN:35,(anonymous_6)
FN:58,(anonymous_7)
FNF:8
FNH:0
FNDA:0,VsAIBattle
FNDA:0,(anonymous_1)
FNDA:0,(anonymous_2)
FNDA:0,(anonymous_3)
FNDA:0,(anonymous_4)
FNDA:0,(anonymous_5)
FNDA:0,(anonymous_6)
FNDA:0,(anonymous_7)
DA:9,0
DA:10,0
DA:11,0
DA:12,0
DA:14,0
DA:15,0
DA:16,0
DA:19,0
DA:20,0
DA:21,0
DA:25,0
DA:35,0
DA:58,0
DA:64,0
LF:14
LH:0
BRDA:20,0,0,0
BRDA:20,0,1,0
BRDA:21,1,0,0
BRDA:21,1,1,0
BRDA:50,2,0,0
BRDA:50,2,1,0
BRF:6
BRH:0
end_of_record
TN:
SF:app\vs-ai-gameover.tsx
FN:26,calculateResults
FN:51,TrophyIcon
FN:78,HandshakeIcon
FN:93,VsAIGameOver
FN:119,(anonymous_4)
FN:125,(anonymous_5)
FN:132,(anonymous_6)
FN:154,(anonymous_7)
FN:349,(anonymous_8)
FN:358,(anonymous_9)
FNF:10
FNH:0
FNDA:0,calculateResults
FNDA:0,TrophyIcon
FNDA:0,HandshakeIcon
FNDA:0,VsAIGameOver
FNDA:0,(anonymous_4)
FNDA:0,(anonymous_5)
FNDA:0,(anonymous_6)
FNDA:0,(anonymous_7)
FNDA:0,(anonymous_8)
FNDA:0,(anonymous_9)
DA:27,0
DA:28,0
DA:29,0
DA:30,0
DA:31,0
DA:32,0
DA:33,0
DA:34,0
DA:35,0
DA:37,0
DA:52,0
DA:79,0
DA:94,0
DA:95,0
DA:96,0
DA:106,0
DA:117,0
DA:119,0
[...]
FNF:12
FNH:0
FNDA:0,(anonymous_0)
FNDA:0,(anonymous_1)
FNDA:0,(anonymous_2)
FNDA:0,(anonymous_3)
FNDA:0,(anonymous_4)
FNDA:0,(anonymous_5)
FNDA:0,(anonymous_6)
FNDA:0,(anonymous_7)
FNDA:0,(anonymous_8)
FNDA:0,(anonymous_9)
FNDA:0,(anonymous_10)
FNDA:0,(anonymous_11)
DA:35,0
DA:36,0
DA:37,0
DA:38,0
DA:39,0
DA:42,0
DA:49,0
DA:50,0
DA:51,0
DA:53,0
DA:54,0
DA:55,0
DA:57,0
DA:58,0
DA:59,0
DA:60,0
DA:61,0
DA:62,0
DA:64,0
DA:72,0
DA:75,0
DA:82,0
DA:98,0
DA:107,0
DA:108,0
DA:110,0
DA:111,0
DA:113,0
DA:117,0
DA:118,0
DA:120,0
DA:122,0
DA:123,0
DA:124,0
DA:126,0
DA:129,0
DA:131,0
DA:132,0
DA:133,0
DA:135,0
DA:138,0
DA:139,0
DA:141,0
DA:142,0
DA:143,0
DA:145,0
DA:149,0
DA:150,0
DA:157,0
DA:159,0
DA:162,0
DA:163,0
DA:164,0
DA:166,0
DA:176,0
DA:177,0
DA:179,0
DA:180,0
DA:182,0
DA:184,0
DA:185,0
DA:186,0
DA:188,0
DA:191,0
DA:193,0
DA:194,0
DA:195,0
DA:197,0
DA:200,0
DA:201,0
DA:202,0
DA:204,0
DA:205,0
DA:206,0
DA:208,0
DA:212,0
DA:213,0
DA:220,0
DA:222,0
DA:225,0
DA:226,0
DA:227,0
DA:229,0
DA:237,0
DA:244,0
DA:260,0
LF:86
LH:0
BRDA:48,0,0,0
BRDA:98,1,0,0
BRDA:98,1,1,0
BRDA:106,2,0,0
BRDA:120,3,0,0
BRDA:120,3,1,0
BRDA:122,4,0,0
BRDA:122,4,1,0
BRDA:129,5,0,0
BRDA:129,5,1,0
BRDA:131,6,0,0
BRDA:131,6,1,0
BRDA:139,7,0,0
BRDA:139,7,1,0
BRDA:141,8,0,0
BRDA:141,8,1,0
BRDA:162,9,0,0
BRDA:162,9,1,0
BRDA:175,10,0,0
BRDA:182,11,0,0
BRDA:182,11,1,0
BRDA:184,12,0,0
BRDA:184,12,1,0
BRDA:191,13,0,0
BRDA:191,13,1,0
BRDA:193,14,0,0
BRDA:193,14,1,0
BRDA:202,15,0,0
BRDA:202,15,1,0
BRDA:204,16,0,0
BRDA:204,16,1,0
BRDA:225,17,0,0
BRDA:225,17,1,0
BRF:33
BRH:0
end_of_record
TN:
SF:services\apiService.ts
FN:13,(anonymous_0)
FN:22,(anonymous_1)
FN:24,(anonymous_2)
FN:32,(anonymous_3)
FN:49,(anonymous_4)
FN:58,(anonymous_5)
FN:67,(anonymous_6)
FN:78,(anonymous_7)
FN:87,(anonymous_8)
FN:94,(anonymous_9)
FN:103,(anonymous_10)
FN:134,(anonymous_11)
FN:143,(anonymous_12)
FN:153,(anonymous_13)
FN:160,(anonymous_14)
FN:170,(anonymous_15)
FN:177,(anonymous_16)
FN:186,(anonymous_17)
FN:194,(anonymous_18)
FN:201,(anonymous_19)
FN:209,(anonymous_20)
FN:218,(anonymous_21)
FN:227,(anonymous_22)
FN:234,(anonymous_23)
FN:243,(anonymous_24)
FN:254,(anonymous_25)
FN:262,(anonymous_26)
FN:270,(anonymous_27)
FN:277,(anonymous_28)
FN:284,(anonymous_29)
FN:292,(anonymous_30)
FN:303,(anonymous_31)
FN:310,(anonymous_32)
FN:319,(anonymous_33)
FN:327,(anonymous_34)
FN:334,(anonymous_35)
FN:341,(anonymous_36)
FN:348,(anonymous_37)
FN:356,(anonymous_38)
FN:365,(anonymous_39)
FN:374,(anonymous_40)
FN:382,(anonymous_41)
FN:391,(anonymous_42)
FN:399,(anonymous_43)
FN:410,(anonymous_44)
FN:424,(anonymous_45)
FN:431,(anonymous_46)
FN:442,(anonymous_47)
FN:450,(anonymous_48)
FN:460,(anonymous_49)
FN:473,(anonymous_50)
FN:487,(anonymous_51)
FN:502,(anonymous_52)
FN:515,(anonymous_53)
FN:522,(anonymous_54)
FN:530,(anonymous_55)
FN:538,(anonymous_56)
FN:547,(anonymous_57)
FN:559,(anonymous_58)
FN:570,(anonymous_59)
FN:582,(anonymous_60)
FN:592,(anonymous_61)
FNF:62
FNH:0
FNDA:0,(anonymous_0)
FNDA:0,(anonymous_1)
FNDA:0,(anonymous_2)
FNDA:0,(anonymous_3)
FNDA:0,(anonymous_4)
FNDA:0,(anonymous_5)
FNDA:0,(anonymous_6)
FNDA:0,(anonymous_7)
FNDA:0,(anonymous_8)
FNDA:0,(anonymous_9)
FNDA:0,(anonymous_10)
FNDA:0,(anonymous_11)
FNDA:0,(anonymous_12)
FNDA:0,(anonymous_13)
FNDA:0,(anonymous_14)
FNDA:0,(anonymous_15)
FNDA:0,(anonymous_16)
FNDA:0,(anonymous_17)
FNDA:0,(anonymous_18)
FNDA:0,(anonymous_19)
FNDA:0,(anonymous_20)
FNDA:0,(anonymous_21)
FNDA:0,(anonymous_22)
FNDA:0,(anonymous_23)
FNDA:0,(anonymous_24)
FNDA:0,(anonymous_25)
FNDA:0,(anonymous_26)
FNDA:0,(anonymous_27)
FNDA:0,(anonymous_28)
FNDA:0,(anonymous_29)
FNDA:0,(anonymous_30)
FNDA:0,(anonymous_31)
FNDA:0,(anonymous_32)
FNDA:0,(anonymous_33)
FNDA:0,(anonymous_34)
FNDA:0,(anonymous_35)
FNDA:0,(anonymous_36)
FNDA:0,(anonymous_37)
FNDA:0,(anonymous_38)
FNDA:0,(anonymous_39)
FNDA:0,(anonymous_40)
FNDA:0,(anonymous_41)
FNDA:0,(anonymous_42)
FNDA:0,(anonymous_43)
FNDA:0,(anonymous_44)
FNDA:0,(anonymous_45)
FNDA:0,(anonymous_46)
FNDA:0,(anonymous_47)
FNDA:0,(anonymous_48)
FNDA:0,(anonymous_49)
FNDA:0,(anonymous_50)
FNDA:0,(anonymous_51)
FNDA:0,(anonymous_52)
FNDA:0,(anonymous_53)
FNDA:0,(anonymous_54)
FNDA:0,(anonymous_55)
FNDA:0,(anonymous_56)
FNDA:0,(anonymous_57)
FNDA:0,(anonymous_58)
FNDA:0,(anonymous_59)
FNDA:0,(anonymous_60)
FNDA:0,(anonymous_61)
DA:9,0
DA:10,0
DA:13,0
DA:14,0
DA:15,0
DA:22,0
DA:23,0
DA:24,0
DA:25,0
DA:27,0
DA:30,0
DA:41,0
DA:46,0
DA:50,0
DA:55,0
DA:59,0
DA:64,0
DA:70,0
DA:75,0
DA:79,0
DA:80,0
DA:82,0
DA:88,0
DA:91,0
DA:95,0
DA:100,0
DA:104,0
DA:106,0
DA:111,0
DA:114,0
DA:115,0
DA:121,0
DA:122,0
DA:129,0
DA:135,0
DA:140,0
DA:144,0
DA:149,0
DA:154,0
DA:157,0
DA:161,0
DA:166,0
DA:171,0
DA:174,0
DA:178,0
DA:182,0
DA:187,0
DA:188,0
DA:191,0
DA:195,0
DA:198,0
DA:202,0
DA:205,0
DA:210,0
DA:215,0
DA:219,0
DA:224,0
DA:228,0
DA:231,0
DA:235,0
DA:240,0
DA:244,0
DA:249,0
DA:256,0
DA:258,0
DA:264,0
DA:266,0
DA:272,0
DA:273,0
DA:279,0
DA:280,0
DA:286,0
DA:288,0
DA:293,0
DA:294,0
DA:295,0
DA:297,0
DA:300,0
DA:304,0
DA:307,0
DA:311,0
DA:316,0
DA:320,0
DA:323,0
DA:328,0
DA:331,0
DA:335,0
DA:338,0
DA:342,0
DA:345,0
DA:349,0
DA:352,0
DA:357,0
DA:362,0
DA:366,0
DA:371,0
DA:375,0
DA:379,0
DA:383,0
DA:388,0
DA:392,0
DA:395,0
DA:400,0
DA:401,0
DA:402,0
DA:404,0
DA:407,0
DA:411,0
DA:412,0
DA:413,0
DA:414,0
DA:415,0
DA:417,0
DA:420,0
DA:425,0
DA:428,0
DA:432,0
DA:433,0
DA:435,0
DA:438,0
DA:443,0
DA:446,0
DA:451,0
DA:456,0
DA:465,0
DA:470,0
DA:479,0
DA:484,0
DA:493,0
DA:498,0
DA:503,0
DA:504,0
DA:505,0
DA:506,0
DA:507,0
DA:509,0
DA:512,0
DA:516,0
DA:519,0
DA:523,0
DA:527,0
DA:531,0
DA:535,0
DA:539,0
DA:543,0
DA:548,0
DA:549,0
DA:550,0
DA:552,0
DA:555,0
DA:560,0
DA:561,0
DA:562,0
DA:564,0
DA:567,0
DA:571,0
DA:572,0
DA:573,0
DA:575,0
DA:578,0
DA:583,0
DA:588,0
DA:598,0
DA:662,0
LF:164
LH:0
BRDA:17,0,0,0
BRDA:17,0,1,0
BRDA:23,1,0,0
BRDA:23,1,1,0
BRDA:25,2,0,0
BRDA:25,2,1,0
BRDA:79,3,0,0
BRDA:79,3,1,0
BRDA:103,4,0,0
BRDA:104,5,0,0
BRDA:104,5,1,0
BRDA:125,6,0,0
BRDA:125,6,1,0
BRDA:186,7,0,0
BRDA:294,8,0,0
BRDA:294,8,1,0
BRDA:295,9,0,0
BRDA:295,9,1,0
BRDA:399,10,0,0
BRDA:399,11,0,0
BRDA:401,12,0,0
BRDA:401,12,1,0
BRDA:410,13,0,0
BRDA:412,14,0,0
BRDA:412,14,1,0
BRDA:413,15,0,0
BRDA:413,15,1,0
BRDA:414,16,0,0
BRDA:414,16,1,0
BRDA:415,17,0,0
BRDA:415,17,1,0
BRDA:431,18,0,0
BRDA:450,19,0,0
BRDA:504,20,0,0
BRDA:504,20,1,0
BRDA:505,21,0,0
BRDA:505,21,1,0
BRDA:506,22,0,0
BRDA:506,22,1,0
BRDA:507,23,0,0
BRDA:507,23,1,0
BRDA:549,24,0,0
BRDA:549,24,1,0
BRDA:550,25,0,0
BRDA:550,25,1,0
BRDA:561,26,0,0
BRDA:561,26,1,0
BRDA:562,27,0,0
BRDA:562,27,1,0
BRDA:573,28,0,0
BRDA:573,28,1,0
BRF:51
BRH:0
end_of_record
TN:
SF:services\assetService.ts
FN:34,(anonymous_0)
FN:55,(anonymous_1)
FN:62,(anonymous_2)
FN:69,(anonymous_3)
FN:75,(anonymous_4)
FN:85,(anonymous_5)
FN:98,(anonymous_6)
FN:132,(anonymous_7)
FN:136,(anonymous_8)
FN:140,(anonymous_9)
FNF:10
FNH:0
FNDA:0,(anonymous_0)
FNDA:0,(anonymous_1)
FNDA:0,(anonymous_2)
FNDA:0,(anonymous_3)
FNDA:0,(anonymous_4)
FNDA:0,(anonymous_5)
FNDA:0,(anonymous_6)
FNDA:0,(anonymous_7)
FNDA:0,(anonymous_8)
FNDA:0,(anonymous_9)
DA:29,0
DA:35,0
DA:36,0
DA:38,0
DA:39,0
DA:40,0
DA:41,0
DA:43,0
DA:44,0
DA:46,0
DA:48,0
DA:56,0
DA:63,0
DA:70,0
DA:71,0
DA:72,0
DA:74,0
DA:75,0
DA:76,0
DA:86,0
DA:87,0
DA:88,0
DA:90,0
DA:91,0
DA:99,0
DA:129,0
DA:131,0
DA:132,0
DA:135,0
DA:136,0
DA:139,0
DA:140,0
DA:143,0
DA:144,0
DA:147,0
DA:151,0
LF:36
LH:0
BRDA:38,0,0,0
BRDA:38,0,1,0
BRDA:39,1,0,0
BRDA:39,1,1,0
BRDA:40,2,0,0
BRDA:40,2,1,0
BRDA:41,3,0,0
BRDA:41,3,1,0
BRDA:76,4,0,0
BRDA:76,4,1,0
BRDA:131,5,0,0
BRDA:131,5,1,0
BRDA:135,6,0,0
BRDA:135,6,1,0
BRDA:139,7,0,0
BRDA:139,7,1,0
BRDA:143,8,0,0
BRDA:143,8,1,0
BRF:18
BRH:0
end_of_record
TN:
SF:services\chatbotService.ts
FN:49,(anonymous_0)
FN:56,(anonymous_1)
FN:93,(anonymous_2)
FN:123,(anonymous_3)
FN:145,(anonymous_4)
FN:166,(anonymous_5)
FN:184,(anonymous_6)
FN:197,(anonymous_7)
FN:240,(anonymous_8)
FN:299,(anonymous_9)
FNF:10
FNH:0
FNDA:0,(anonymous_0)
FNDA:0,(anonymous_1)
FNDA:0,(anonymous_2)
FNDA:0,(anonymous_3)
FNDA:0,(anonymous_4)
FNDA:0,(anonymous_5)
FNDA:0,(anonymous_6)
FNDA:0,(anonymous_7)
FNDA:0,(anonymous_8)
FNDA:0,(anonymous_9)
DA:6,0
DA:50,0
DA:57,0
DA:58,0
DA:69,0
DA:70,0
DA:71,0
DA:73,0
DA:76,0
DA:77,0
DA:79,0
DA:82,0
DA:94,0
DA:95,0
DA:99,0
DA:100,0
DA:101,0
DA:102,0
DA:104,0
DA:115,0
DA:116,0
DA:124,0
DA:125,0
DA:128,0
DA:129,0
DA:131,0
DA:137,0
DA:138,0
DA:146,0
DA:147,0
DA:151,0
DA:152,0
DA:155,0
DA:156,0
DA:158,0
DA:159,0
DA:167,0
DA:168,0
DA:172,0
DA:173,0
DA:176,0
DA:177,0
DA:185,0
DA:186,0
DA:187,0
DA:189,0
DA:190,0
DA:204,0
DA:205,0
DA:217,0
DA:218,0
DA:221,0
DA:222,0
DA:229,0
DA:230,0
DA:261,0
DA:262,0
DA:275,0
DA:276,0
DA:279,0
DA:280,0
DA:288,0
DA:289,0
DA:311,0
DA:312,0
DA:320,0
DA:321,0
DA:324,0
DA:325,0
DA:332,0
DA:333,0
DA:342,0
LF:72
LH:0
BRDA:6,0,0,0
BRDA:6,0,1,0
BRDA:7,1,0,0
BRDA:7,1,1,0
BRDA:69,2,0,0
BRDA:69,2,1,0
BRDA:70,3,0,0
BRDA:70,3,1,0
BRDA:106,4,0,0
BRDA:106,4,1,0
BRDA:107,5,0,0
BRDA:107,5,1,0
BRDA:133,6,0,0
BRDA:133,6,1,0
BRDA:151,7,0,0
BRDA:151,7,1,0
BRDA:156,8,0,0
BRDA:156,8,1,0
BRDA:172,9,0,0
BRDA:172,9,1,0
BRDA:217,10,0,0
BRDA:217,10,1,0
BRDA:232,11,0,0
BRDA:232,11,1,0
BRDA:275,12,0,0
BRDA:275,12,1,0
BRDA:291,13,0,0
BRDA:291,13,1,0
BRDA:320,14,0,0
BRDA:320,14,1,0
BRDA:335,15,0,0
BRDA:335,15,1,0
BRF:32
BRH:0
end_of_record
TN:
SF:services\marketDataService.ts
FN:19,(anonymous_0)
FN:26,(anonymous_1)
FN:31,(anonymous_2)
FN:67,(anonymous_3)
FN:68,(anonymous_4)
FN:72,(anonymous_5)
FN:102,(anonymous_6)
FN:145,(anonymous_7)
FNF:8
FNH:0
FNDA:0,(anonymous_0)
FNDA:0,(anonymous_1)
FNDA:0,(anonymous_2)
FNDA:0,(anonymous_3)
FNDA:0,(anonymous_4)
FNDA:0,(anonymous_5)
FNDA:0,(anonymous_6)
FNDA:0,(anonymous_7)
DA:15,0
DA:16,0
DA:17,0
DA:20,0
DA:21,0
DA:23,0
DA:27,0
DA:28,0
DA:33,0
DA:34,0
DA:37,0
DA:38,0
DA:39,0
DA:40,0
DA:42,0
DA:43,0
DA:45,0
DA:56,0
DA:57,0
DA:59,0
DA:61,0
DA:63,0
DA:68,0
DA:69,0
DA:73,0
DA:99,0
DA:103,0
DA:104,0
DA:105,0
DA:108,0
DA:109,0
DA:111,0
DA:112,0
DA:113,0
DA:115,0
DA:116,0
DA:117,0
DA:118,0
DA:119,0
DA:120,0
DA:122,0
DA:130,0
DA:133,0
DA:146,0
DA:156,0
LF:45
LH:0
BRDA:20,0,0,0
BRDA:20,0,1,0
BRDA:28,1,0,0
BRDA:28,1,1,0
BRDA:33,2,0,0
BRDA:33,2,1,0
BRDA:33,3,0,0
BRDA:33,3,1,0
BRDA:99,4,0,0
BRDA:99,4,1,0
BRF:10
BRH:0
end_of_record
TN:
SF:services\newsService.ts
FN:116,(anonymous_0)
FN:130,(anonymous_1)
FN:132,(anonymous_2)
FN:140,(anonymous_3)
FN:142,(anonymous_4)
FN:150,(anonymous_5)
FN:152,(anonymous_6)
FN:164,(anonymous_7)
FN:176,(anonymous_8)
FN:185,(anonymous_9)
FNF:10
FNH:0
FNDA:0,(anonymous_0)
FNDA:0,(anonymous_1)
FNDA:0,(anonymous_2)
FNDA:0,(anonymous_3)
FNDA:0,(anonymous_4)
FNDA:0,(anonymous_5)
FNDA:0,(anonymous_6)
FNDA:0,(anonymous_7)
FNDA:0,(anonymous_8)
FNDA:0,(anonymous_9)
DA:25,0
DA:26,0
DA:29,0
DA:117,0
DA:123,0
DA:125,0
DA:126,0
DA:131,0
DA:132,0
DA:133,0
DA:135,0
DA:136,0
DA:141,0
DA:142,0
DA:143,0
DA:145,0
DA:146,0
DA:151,0
DA:152,0
DA:153,0
DA:157,0
DA:159,0
DA:160,0
DA:165,0
DA:173,0
DA:177,0
DA:182,0
DA:186,0
DA:191,0
DA:195,0
LF:30
LH:0
BRDA:26,0,0,0
BRDA:26,0,1,0
BRDA:116,1,0,0
BRDA:130,2,0,0
BRDA:150,3,0,0
BRDA:153,4,0,0
BRDA:153,4,1,0
BRDA:153,4,2,0
BRF:8
BRH:0
end_of_record
TN:
SF:services\portfolioService.ts
FN:29,(anonymous_0)
FN:31,(anonymous_1)
FN:45,(anonymous_2)
FN:58,(anonymous_3)
FN:59,(anonymous_4)
FN:77,(anonymous_5)
FN:81,(anonymous_6)
FN:112,(anonymous_7)
FN:119,(anonymous_8)
FN:120,(anonymous_9)
FN:126,(anonymous_10)
FN:127,(anonymous_11)
FNF:12
FNH:0
FNDA:0,(anonymous_0)
FNDA:0,(anonymous_1)
FNDA:0,(anonymous_2)
FNDA:0,(anonymous_3)
FNDA:0,(anonymous_4)
FNDA:0,(anonymous_5)
FNDA:0,(anonymous_6)
FNDA:0,(anonymous_7)
FNDA:0,(anonymous_8)
FNDA:0,(anonymous_9)
FNDA:0,(anonymous_10)
FNDA:0,(anonymous_11)
DA:19,0
DA:30,0
DA:32,0
DA:33,0
DA:34,0
DA:39,0
DA:40,0
DA:45,0
DA:46,0
DA:48,0
DA:59,0
DA:60,0
DA:62,0
DA:63,0
DA:64,0
DA:69,0
DA:70,0
DA:78,0
DA:80,0
DA:82,0
DA:84,0
DA:85,0
DA:86,0
DA:95,0
DA:96,0
DA:113,0
DA:120,0
DA:127,0
DA:128,0
DA:129,0
DA:135,0
LF:31
LH:0
BRDA:60,0,0,0
BRDA:60,0,1,0
BRDA:90,1,0,0
BRDA:90,1,1,0
BRDA:128,2,0,0
BRDA:128,2,1,0
BRF:6
BRH:0
end_of_record
TN:
SF:services\recommendationService.ts
FN:82,(anonymous_0)
FN:107,(anonymous_1)
FN:123,(anonymous_2)
FN:139,(anonymous_3)
FN:155,(anonymous_4)
FN:166,(anonymous_5)
FN:282,(anonymous_6)
FN:364,(anonymous_7)
FN:365,(anonymous_8)
FN:372,(anonymous_9)
FNF:10
FNH:0
FNDA:0,(anonymous_0)
FNDA:0,(anonymous_1)
FNDA:0,(anonymous_2)
FNDA:0,(anonymous_3)
FNDA:0,(anonymous_4)
FNDA:0,(anonymous_5)
FNDA:0,(anonymous_6)
FNDA:0,(anonymous_7)
FNDA:0,(anonymous_8)
FNDA:0,(anonymous_9)
DA:77,0
DA:86,0
DA:89,0
DA:91,0
DA:99,0
DA:100,0
DA:111,0
DA:112,0
DA:113,0
DA:115,0
DA:116,0
DA:127,0
DA:128,0
DA:129,0
DA:131,0
DA:132,0
DA:143,0
DA:144,0
DA:145,0
DA:147,0
DA:148,0
DA:156,0
DA:157,0
DA:158,0
DA:160,0
DA:170,0
DA:276,0
DA:283,0
DA:363,0
DA:364,0
DA:365,0
DA:373,0
DA:414,0
LF:33
LH:0
BRDA:84,0,0,0
BRDA:109,1,0,0
BRDA:125,2,0,0
BRDA:140,3,0,0
BRDA:141,4,0,0
BRDA:168,5,0,0
BRDA:276,6,0,0
BRDA:276,6,1,0
BRDA:282,7,0,0
BRDA:297,8,0,0
BRDA:297,8,1,0
BRDA:316,9,0,0
BRDA:316,9,1,0
BRDA:335,10,0,0
BRDA:335,10,1,0
BRDA:354,11,0,0
BRDA:354,11,1,0
BRDA:372,12,0,0
BRDA:372,13,0,0
BRF:19
BRH:0
end_of_record
TN:
SF:services\rlAgentService.ts
FN:136,(anonymous_0)
FN:143,(anonymous_1)
FN:181,(anonymous_2)
FN:223,(anonymous_3)
FN:276,(anonymous_4)
FN:306,(anonymous_5)
FN:335,(anonymous_6)
FN:377,(anonymous_7)
FN:407,(anonymous_8)
FN:452,(anonymous_9)
FN:472,(anonymous_10)
FNF:11
FNH:0
FNDA:0,(anonymous_0)
FNDA:0,(anonymous_1)
FNDA:0,(anonymous_2)
FNDA:0,(anonymous_3)
FNDA:0,(anonymous_4)
FNDA:0,(anonymous_5)
FNDA:0,(anonymous_6)
FNDA:0,(anonymous_7)
FNDA:0,(anonymous_8)
FNDA:0,(anonymous_9)
FNDA:0,(anonymous_10)
DA:6,0
DA:137,0
DA:144,0
DA:145,0
DA:156,0
DA:157,0
DA:158,0
DA:160,0
DA:163,0
DA:164,0
DA:166,0
DA:169,0
DA:182,0
DA:183,0
DA:194,0
DA:195,0
DA:196,0
DA:198,0
DA:201,0
DA:202,0
DA:204,0
DA:207,0
DA:228,0
DA:229,0
DA:241,0
DA:242,0
DA:243,0
DA:245,0
DA:248,0
DA:249,0
DA:251,0
DA:254,0
DA:255,0
DA:259,0
DA:277,0
DA:278,0
DA:289,0
DA:290,0
DA:291,0
DA:293,0
DA:296,0
DA:297,0
DA:299,0
DA:302,0
DA:306,0
DA:336,0
DA:337,0
DA:348,0
DA:349,0
DA:350,0
DA:352,0
DA:355,0
DA:356,0
DA:358,0
DA:361,0
DA:378,0
DA:379,0
DA:381,0
DA:382,0
DA:383,0
DA:385,0
DA:388,0
DA:389,0
DA:391,0
DA:394,0
DA:408,0
DA:409,0
DA:411,0
DA:412,0
DA:413,0
DA:415,0
DA:418,0
DA:419,0
DA:421,0
DA:424,0
DA:453,0
DA:454,0
DA:462,0
DA:464,0
DA:465,0
DA:473,0
DA:474,0
DA:482,0
DA:483,0
DA:485,0
DA:491,0
DA:492,0
DA:501,0
LF:88
LH:0
BRDA:6,0,0,0
BRDA:6,0,1,0
BRDA:7,1,0,0
BRDA:7,1,1,0
BRDA:143,2,0,0
BRDA:156,3,0,0
BRDA:156,3,1,0
BRDA:157,4,0,0
BRDA:157,4,1,0
BRDA:181,5,0,0
BRDA:194,6,0,0
BRDA:194,6,1,0
BRDA:195,7,0,0
BRDA:195,7,1,0
BRDA:225,8,0,0
BRDA:226,9,0,0
BRDA:241,10,0,0
BRDA:241,10,1,0
BRDA:242,11,0,0
BRDA:242,11,1,0
BRDA:254,12,0,0
BRDA:254,12,1,0
BRDA:254,13,0,0
BRDA:254,13,1,0
BRDA:289,14,0,0
BRDA:289,14,1,0
BRDA:290,15,0,0
BRDA:290,15,1,0
BRDA:348,16,0,0
BRDA:348,16,1,0
BRDA:349,17,0,0
BRDA:349,17,1,0
BRDA:381,18,0,0
BRDA:381,18,1,0
BRDA:382,19,0,0
BRDA:382,19,1,0
BRDA:411,20,0,0
BRDA:411,20,1,0
BRDA:412,21,0,0
BRDA:412,21,1,0
BRDA:482,22,0,0
BRDA:482,22,1,0
BRDA:494,23,0,0
BRDA:494,23,1,0
BRF:44
BRH:0
end_of_record
TN:
SF:utils\aiTrader.ts
FN:26,(anonymous_0)
FN:33,(anonymous_1)
FN:86,(anonymous_2)
FN:124,(anonymous_3)
FN:134,(anonymous_4)
FN:163,(anonymous_5)
FN:193,(anonymous_6)
FN:229,(anonymous_7)
FN:239,(anonymous_8)
FN:246,(anonymous_9)
FN:253,(anonymous_10)
FNF:11
FNH:0
FNDA:0,(anonymous_0)
FNDA:0,(anonymous_1)
FNDA:0,(anonymous_2)
FNDA:0,(anonymous_3)
FNDA:0,(anonymous_4)
FNDA:0,(anonymous_5)
FNDA:0,(anonymous_6)
FNDA:0,(anonymous_7)
FNDA:0,(anonymous_8)
FNDA:0,(anonymous_9)
FNDA:0,(anonymous_10)
DA:21,0
DA:22,0
DA:23,0
DA:24,0
DA:27,0
DA:41,0
DA:42,0
DA:46,0
DA:47,0
DA:51,0
DA:52,0
DA:53,0
DA:54,0
DA:55,0
DA:62,0
DA:64,0
DA:65,0
DA:67,0
DA:68,0
DA:70,0
DA:71,0
DA:73,0
DA:76,0
DA:77,0
DA:80,0
DA:91,0
DA:92,0
DA:95,0
DA:96,0
DA:99,0
DA:100,0
DA:101,0
DA:109,0
DA:110,0
DA:111,0
DA:118,0
DA:129,0
DA:130,0
DA:133,0
DA:134,0
DA:135,0
DA:138,0
DA:139,0
DA:140,0
DA:148,0
DA:149,0
DA:150,0
DA:157,0
DA:167,0
DA:169,0
DA:170,0
DA:171,0
DA:178,0
DA:179,0
DA:180,0
DA:187,0
DA:197,0
DA:198,0
DA:202,0
DA:205,0
DA:206,0
DA:214,0
DA:215,0
DA:223,0
DA:230,0
DA:231,0
DA:232,0
DA:233,0
DA:240,0
DA:247,0
DA:254,0
LF:71
LH:0
BRDA:26,0,0,0
BRDA:41,1,0,0
BRDA:41,1,1,0
BRDA:46,2,0,0
BRDA:46,2,1,0
BRDA:46,3,0,0
BRDA:46,3,1,0
BRDA:51,4,0,0
BRDA:51,4,1,0
BRDA:53,5,0,0
BRDA:53,5,1,0
BRDA:62,6,0,0
BRDA:62,6,1,0
BRDA:62,6,2,0
BRDA:62,6,3,0
BRDA:76,7,0,0
BRDA:76,7,1,0
BRDA:91,8,0,0
BRDA:91,8,1,0
BRDA:99,9,0,0
BRDA:99,9,1,0
BRDA:109,10,0,0
BRDA:109,10,1,0
BRDA:129,11,0,0
BRDA:129,11,1,0
BRDA:138,12,0,0
BRDA:138,12,1,0
BRDA:148,13,0,0
BRDA:148,13,1,0
BRDA:169,14,0,0
BRDA:169,14,1,0
BRDA:178,15,0,0
BRDA:178,15,1,0
BRDA:198,16,0,0
BRDA:198,16,1,0
BRDA:205,17,0,0
BRDA:205,17,1,0
BRDA:214,18,0,0
BRDA:214,18,1,0
BRF:39
BRH:0
end_of_record
TN:
SF:utils\linking.ts
FN:8,(anonymous_0)
FN:36,(anonymous_1)
FN:44,(anonymous_2)
FN:53,(anonymous_3)
FNF:4
FNH:0
FNDA:0,(anonymous_0)
FNDA:0,(anonymous_1)
FNDA:0,(anonymous_2)
FNDA:0,(anonymous_3)
DA:8,0
DA:9,0
DA:10,0
DA:11,0
DA:12,0
DA:14,0
DA:15,0
DA:16,0
DA:23,0
DA:24,0
DA:36,0
DA:37,0
DA:44,0
DA:45,0
DA:46,0
DA:53,0
DA:54,0
LF:17
LH:0
BRDA:11,0,0,0
BRDA:11,0,1,0
BRDA:14,1,0,0
BRDA:14,1,1,0
BRF:4
BRH:0
end_of_record
TN:
SF:utils\simulationEngine.ts
FN:50,(anonymous_0)
FN:55,(anonymous_1)
FN:62,(anonymous_2)
FN:67,(anonymous_3)
FN:76,(anonymous_4)
FN:84,(anonymous_5)
FN:97,(anonymous_6)
FN:110,(anonymous_7)
FN:120,(anonymous_8)
FN:133,(anonymous_9)
FN:149,(anonymous_10)
FN:153,(anonymous_11)
FN:158,(anonymous_12)
FN:164,(anonymous_13)
FN:168,(anonymous_14)
FN:172,(anonymous_15)
FN:176,(anonymous_16)
FN:180,(anonymous_17)
FN:184,(anonymous_18)
FN:189,(anonymous_19)
FN:196,(anonymous_20)
FN:206,(anonymous_21)
FN:209,(anonymous_22)
FN:214,(anonymous_23)
FN:223,calculatePnL
FN:237,calculateTotalPnL
FN:241,(anonymous_26)
FN:249,generateTradeId
FN:256,formatTimestamp
FNF:29
FNH:0
FNDA:0,(anonymous_0)
FNDA:0,(anonymous_1)
FNDA:0,(anonymous_2)
FNDA:0,(anonymous_3)
FNDA:0,(anonymous_4)
FNDA:0,(anonymous_5)
FNDA:0,(anonymous_6)
FNDA:0,(anonymous_7)
FNDA:0,(anonymous_8)
FNDA:0,(anonymous_9)
FNDA:0,(anonymous_10)
FNDA:0,(anonymous_11)
FNDA:0,(anonymous_12)
FNDA:0,(anonymous_13)
FNDA:0,(anonymous_14)
FNDA:0,(anonymous_15)
FNDA:0,(anonymous_16)
FNDA:0,(anonymous_17)
FNDA:0,(anonymous_18)
FNDA:0,(anonymous_19)
FNDA:0,(anonymous_20)
FNDA:0,(anonymous_21)
FNDA:0,(anonymous_22)
FNDA:0,(anonymous_23)
FNDA:0,calculatePnL
FNDA:0,calculateTotalPnL
FNDA:0,(anonymous_26)
FNDA:0,generateTradeId
FNDA:0,formatTimestamp
DA:43,0
DA:44,0
DA:45,0
DA:46,0
DA:47,0
DA:48,0
DA:51,0
DA:56,0
DA:58,0
DA:59,0
DA:61,0
DA:62,0
DA:63,0
DA:68,0
DA:69,0
DA:70,0
DA:72,0
DA:73,0
DA:77,0
DA:78,0
DA:79,0
DA:80,0
DA:81,0
DA:85,0
DA:86,0
DA:88,0
DA:89,0
DA:90,0
DA:92,0
DA:93,0
DA:98,0
DA:99,0
DA:101,0
DA:102,0
DA:103,0
DA:105,0
DA:106,0
DA:111,0
DA:112,0
DA:114,0
DA:115,0
DA:117,0
DA:121,0
DA:122,0
DA:124,0
DA:125,0
DA:126,0
DA:128,0
DA:129,0
DA:134,0
DA:135,0
DA:136,0
DA:137,0
DA:138,0
DA:139,0
DA:142,0
DA:143,0
DA:144,0
DA:145,0
DA:150,0
DA:154,0
DA:155,0
DA:159,0
DA:160,0
DA:161,0
DA:165,0
DA:169,0
DA:173,0
DA:177,0
DA:181,0
DA:185,0
DA:190,0
DA:191,0
DA:193,0
DA:197,0
DA:198,0
DA:199,0
DA:200,0
DA:201,0
DA:207,0
DA:208,0
DA:209,0
DA:215,0
DA:216,0
DA:227,0
DA:231,0
DA:241,0
DA:242,0
DA:250,0
DA:257,0
DA:258,0
LF:91
LH:0
BRDA:56,0,0,0
BRDA:56,0,1,0
BRDA:68,1,0,0
BRDA:68,1,1,0
BRDA:84,2,0,0
BRDA:92,3,0,0
BRDA:92,3,1,0
BRDA:92,4,0,0
BRDA:92,4,1,0
BRDA:97,5,0,0
BRDA:105,6,0,0
BRDA:105,6,1,0
BRDA:105,7,0,0
BRDA:105,7,1,0
BRDA:112,8,0,0
BRDA:112,8,1,0
BRDA:117,9,0,0
BRDA:117,9,1,0
BRDA:128,10,0,0
BRDA:128,10,1,0
BRDA:128,11,0,0
BRDA:128,11,1,0
BRDA:134,12,0,0
BRDA:134,12,1,0
BRDA:150,13,0,0
BRDA:150,13,1,0
BRDA:155,14,0,0
BRDA:155,14,1,0
BRDA:158,15,0,0
BRDA:190,16,0,0
BRDA:190,16,1,0
BRDA:198,17,0,0
BRDA:198,17,1,0
BRDA:200,18,0,0
BRDA:200,18,1,0
BRDA:208,19,0,0
BRDA:208,19,1,0
BRDA:227,20,0,0
BRDA:227,20,1,0
BRF:39
BRH:0
end_of_record
